<?xml version="1.0" encoding="UTF-8"?>
<testsuite name="ru.stqa.pft.mantis.tests.ChangePasswordUsers" tests="1" skipped="0" failures="0" errors="0" timestamp="2021-09-05T20:52:53" hostname="N-MSK-RUADMK3" time="12.888">
  <properties/>
  <testcase name="testChangePasswordUsers" classname="ru.stqa.pft.mantis.tests.ChangePasswordUsers" time="12.888"/>
  <system-out><![CDATA[23:52:53.215 [Test worker] DEBUG org.subethamail.smtp.server.CommandHandler - Added command: AUTH
23:52:53.215 [Test worker] DEBUG org.subethamail.smtp.server.CommandHandler - Added command: DATA
23:52:53.215 [Test worker] DEBUG org.subethamail.smtp.server.CommandHandler - Added command: EHLO
23:52:53.215 [Test worker] DEBUG org.subethamail.smtp.server.CommandHandler - Added command: HELO
23:52:53.215 [Test worker] DEBUG org.subethamail.smtp.server.CommandHandler - Added command: HELP
23:52:53.215 [Test worker] DEBUG org.subethamail.smtp.server.CommandHandler - Added command: MAIL
23:52:53.215 [Test worker] DEBUG org.subethamail.smtp.server.CommandHandler - Added command: NOOP
23:52:53.215 [Test worker] DEBUG org.subethamail.smtp.server.CommandHandler - Added command: QUIT
23:52:53.215 [Test worker] DEBUG org.subethamail.smtp.server.CommandHandler - Added command: RCPT
23:52:53.215 [Test worker] DEBUG org.subethamail.smtp.server.CommandHandler - Added command: RSET
23:52:53.215 [Test worker] DEBUG org.subethamail.smtp.server.CommandHandler - Added command: STARTTLS
23:52:53.215 [Test worker] DEBUG org.subethamail.smtp.server.CommandHandler - Added command: VRFY
23:52:53.216 [Test worker] INFO org.subethamail.smtp.server.SMTPServer - SMTP server *:25 starting
23:52:53.217 [org.subethamail.smtp.server.ServerThread *:25] INFO org.subethamail.smtp.server.ServerThread - SMTP server *:25 started
23:52:53.257 [Test worker] DEBUG org.hibernate.stat.internal.StatisticsInitiator - Statistics initialized [enabled=false]
23:52:53.262 [Test worker] DEBUG org.hibernate.engine.transaction.internal.TransactionImpl - On TransactionImpl creation, JpaCompliance#isJpaTransactionComplianceEnabled == false
23:52:53.262 [Test worker] DEBUG org.hibernate.engine.transaction.internal.TransactionImpl - begin
23:52:53.272 [Test worker] DEBUG org.hibernate.hql.internal.QueryTranslatorFactoryInitiator - QueryTranslatorFactory: org.hibernate.hql.internal.ast.ASTQueryTranslatorFactory@7021b44a
23:52:53.287 [Test worker] DEBUG org.hibernate.hql.internal.ast.QueryTranslatorImpl - parse() - HQL: from ru.stqa.pft.mantis.model.UsersData where id !='1'
23:52:53.291 [Test worker] DEBUG org.hibernate.hql.internal.ast.ErrorTracker - throwQueryException() : no errors
23:52:53.296 [Test worker] DEBUG org.hibernate.hql.internal.ast.QueryTranslatorImpl - --- HQL AST ---
 \-[QUERY] Node: 'query'
    +-[SELECT_FROM] Node: 'SELECT_FROM'
    |  \-[FROM] Node: 'from'
    |     \-[RANGE] Node: 'RANGE'
    |        \-[DOT] Node: '.'
    |           +-[DOT] Node: '.'
    |           |  +-[DOT] Node: '.'
    |           |  |  +-[DOT] Node: '.'
    |           |  |  |  +-[DOT] Node: '.'
    |           |  |  |  |  +-[IDENT] Node: 'ru'
    |           |  |  |  |  \-[IDENT] Node: 'stqa'
    |           |  |  |  \-[IDENT] Node: 'pft'
    |           |  |  \-[IDENT] Node: 'mantis'
    |           |  \-[IDENT] Node: 'model'
    |           \-[IDENT] Node: 'UsersData'
    \-[WHERE] Node: 'where'
       \-[NE] Node: '!='
          +-[IDENT] Node: 'id'
          \-[QUOTED_STRING] Node: ''1''

23:52:53.309 [Test worker] DEBUG org.hibernate.hql.internal.antlr.HqlSqlBaseWalker - select << begin [level=1, statement=select]
23:52:53.318 [Test worker] DEBUG org.hibernate.hql.internal.ast.tree.FromElement - FromClause{level=1} : ru.stqa.pft.mantis.model.UsersData (<no alias>) -> usersdata0_
23:52:53.319 [Test worker] DEBUG org.hibernate.hql.internal.ast.tree.FromReferenceNode - Resolved : {synthetic-alias} -> {synthetic-alias}
23:52:53.320 [Test worker] DEBUG org.hibernate.hql.internal.ast.tree.DotNode - getDataType() : id -> org.hibernate.type.IntegerType@31c634df
23:52:53.321 [Test worker] DEBUG org.hibernate.hql.internal.ast.tree.FromReferenceNode - Resolved : {synthetic-alias}.id -> usersdata0_.id
23:52:53.322 [Test worker] DEBUG org.hibernate.hql.internal.antlr.HqlSqlBaseWalker - select : finishing up [level=1, statement=select]
23:52:53.322 [Test worker] DEBUG org.hibernate.hql.internal.ast.HqlSqlWalker - processQuery() :  ( SELECT ( FromClause{level=1} mantis_user_table usersdata0_ ) ( where ( != ( usersdata0_.id {synthetic-alias} id ) '1' ) ) )
23:52:53.325 [Test worker] DEBUG org.hibernate.hql.internal.ast.HqlSqlWalker - Derived SELECT clause created.
23:52:53.328 [Test worker] DEBUG org.hibernate.hql.internal.ast.util.JoinProcessor - Tables referenced from query nodes:
 \-QueryNode
    +-SelectClause
    | referencedTables(entity UsersData): [mantis_user_table]
    |  +-SelectExpressionImpl
    |  | persister: SingleTableEntityPersister(ru.stqa.pft.mantis.model.UsersData)
    |  \-SqlFragment
    +-FromClause
    |  \-FromElement
    \-SqlNode
       \-BinaryLogicOperatorNode
          +-DotNode
          | persister: SingleTableEntityPersister(ru.stqa.pft.mantis.model.UsersData)
          | path: {synthetic-alias}.id
          |  +-IdentNode
          |  | persister: SingleTableEntityPersister(ru.stqa.pft.mantis.model.UsersData)
          |  | originalText: {synthetic-alias}
          |  \-IdentNode
          |    persister: null
          |    originalText: id
          \-LiteralNode

23:52:53.331 [Test worker] DEBUG org.hibernate.hql.internal.ast.util.JoinProcessor - Using FROM fragment [mantis_user_table usersdata0_]
23:52:53.332 [Test worker] DEBUG org.hibernate.hql.internal.antlr.HqlSqlBaseWalker - select >> end [level=1, statement=select]
23:52:53.332 [Test worker] DEBUG org.hibernate.hql.internal.ast.QueryTranslatorImpl - --- SQL AST ---
 \-[SELECT] QueryNode: 'SELECT'  querySpaces (mantis_user_table)
    +-[SELECT_CLAUSE] SelectClause: '{derived select clause}'
    |  +-[SELECT_EXPR] SelectExpressionImpl: 'usersdata0_.id as id1_0_' {FromElement{explicit,not a collection join,not a fetch join,fetch non-lazy properties,classAlias=null,role=null,tableName=mantis_user_table,tableAlias=usersdata0_,origin=null,columns={,className=ru.stqa.pft.mantis.model.UsersData}}}
    |  \-[SQL_TOKEN] SqlFragment: 'usersdata0_.username as username2_0_'
    +-[FROM] FromClause: 'from' FromClause{level=1, fromElementCounter=1, fromElements=1, fromElementByClassAlias=[], fromElementByTableAlias=[usersdata0_], fromElementsByPath=[], collectionJoinFromElementsByPath=[], impliedElements=[]}
    |  \-[FROM_FRAGMENT] FromElement: 'mantis_user_table usersdata0_' FromElement{explicit,not a collection join,not a fetch join,fetch non-lazy properties,classAlias=null,role=null,tableName=mantis_user_table,tableAlias=usersdata0_,origin=null,columns={,className=ru.stqa.pft.mantis.model.UsersData}}
    \-[WHERE] SqlNode: 'where'
       \-[NE] BinaryLogicOperatorNode: '!='
          +-[DOT] DotNode: 'usersdata0_.id' {propertyName=id,dereferenceType=PRIMITIVE,getPropertyPath=id,path={synthetic-alias}.id,tableAlias=usersdata0_,className=ru.stqa.pft.mantis.model.UsersData,classAlias=null}
          |  +-[IDENT] IdentNode: '{synthetic-alias}' {originalText={synthetic-alias}}
          |  \-[IDENT] IdentNode: 'id' {originalText=id}
          \-[QUOTED_STRING] LiteralNode: ''1''

23:52:53.332 [Test worker] DEBUG org.hibernate.hql.internal.ast.ErrorTracker - throwQueryException() : no errors
23:52:53.337 [Test worker] DEBUG org.hibernate.hql.internal.ast.QueryTranslatorImpl - HQL: from ru.stqa.pft.mantis.model.UsersData where id !='1'
23:52:53.338 [Test worker] DEBUG org.hibernate.hql.internal.ast.QueryTranslatorImpl - SQL: select usersdata0_.id as id1_0_, usersdata0_.username as username2_0_ from mantis_user_table usersdata0_ where usersdata0_.id<>'1'
23:52:53.338 [Test worker] DEBUG org.hibernate.hql.internal.ast.ErrorTracker - throwQueryException() : no errors
23:52:53.350 [Test worker] DEBUG org.hibernate.SQL - select usersdata0_.id as id1_0_, usersdata0_.username as username2_0_ from mantis_user_table usersdata0_ where usersdata0_.id<>'1'
Hibernate: select usersdata0_.id as id1_0_, usersdata0_.username as username2_0_ from mantis_user_table usersdata0_ where usersdata0_.id<>'1'
23:52:53.360 [Test worker] DEBUG org.hibernate.loader.Loader - Result set row: 0
23:52:53.362 [Test worker] DEBUG org.hibernate.loader.Loader - Result row: EntityKey[ru.stqa.pft.mantis.model.UsersData#2]
23:52:53.366 [Test worker] DEBUG org.hibernate.loader.Loader - Result set row: 1
23:52:53.366 [Test worker] DEBUG org.hibernate.loader.Loader - Result row: EntityKey[ru.stqa.pft.mantis.model.UsersData#3]
23:52:53.366 [Test worker] DEBUG org.hibernate.loader.Loader - Result set row: 2
23:52:53.366 [Test worker] DEBUG org.hibernate.loader.Loader - Result row: EntityKey[ru.stqa.pft.mantis.model.UsersData#4]
23:52:53.366 [Test worker] DEBUG org.hibernate.loader.Loader - Result set row: 3
23:52:53.366 [Test worker] DEBUG org.hibernate.loader.Loader - Result row: EntityKey[ru.stqa.pft.mantis.model.UsersData#5]
23:52:53.367 [Test worker] DEBUG org.hibernate.loader.Loader - Result set row: 4
23:52:53.367 [Test worker] DEBUG org.hibernate.loader.Loader - Result row: EntityKey[ru.stqa.pft.mantis.model.UsersData#6]
23:52:53.367 [Test worker] DEBUG org.hibernate.loader.Loader - Result set row: 5
23:52:53.367 [Test worker] DEBUG org.hibernate.loader.Loader - Result row: EntityKey[ru.stqa.pft.mantis.model.UsersData#7]
23:52:53.367 [Test worker] DEBUG org.hibernate.loader.Loader - Result set row: 6
23:52:53.367 [Test worker] DEBUG org.hibernate.loader.Loader - Result row: EntityKey[ru.stqa.pft.mantis.model.UsersData#8]
23:52:53.367 [Test worker] DEBUG org.hibernate.loader.Loader - Result set row: 7
23:52:53.367 [Test worker] DEBUG org.hibernate.loader.Loader - Result row: EntityKey[ru.stqa.pft.mantis.model.UsersData#9]
23:52:53.367 [Test worker] DEBUG org.hibernate.loader.Loader - Result set row: 8
23:52:53.368 [Test worker] DEBUG org.hibernate.loader.Loader - Result row: EntityKey[ru.stqa.pft.mantis.model.UsersData#10]
23:52:53.368 [Test worker] DEBUG org.hibernate.loader.Loader - Result set row: 9
23:52:53.368 [Test worker] DEBUG org.hibernate.loader.Loader - Result row: EntityKey[ru.stqa.pft.mantis.model.UsersData#11]
23:52:53.368 [Test worker] DEBUG org.hibernate.loader.Loader - Result set row: 10
23:52:53.368 [Test worker] DEBUG org.hibernate.loader.Loader - Result row: EntityKey[ru.stqa.pft.mantis.model.UsersData#12]
23:52:53.368 [Test worker] DEBUG org.hibernate.loader.Loader - Result set row: 11
23:52:53.368 [Test worker] DEBUG org.hibernate.loader.Loader - Result row: EntityKey[ru.stqa.pft.mantis.model.UsersData#13]
23:52:53.368 [Test worker] DEBUG org.hibernate.loader.Loader - Result set row: 12
23:52:53.368 [Test worker] DEBUG org.hibernate.loader.Loader - Result row: EntityKey[ru.stqa.pft.mantis.model.UsersData#14]
23:52:53.368 [Test worker] DEBUG org.hibernate.loader.Loader - Result set row: 13
23:52:53.369 [Test worker] DEBUG org.hibernate.loader.Loader - Result row: EntityKey[ru.stqa.pft.mantis.model.UsersData#15]
23:52:53.369 [Test worker] DEBUG org.hibernate.loader.Loader - Result set row: 14
23:52:53.369 [Test worker] DEBUG org.hibernate.loader.Loader - Result row: EntityKey[ru.stqa.pft.mantis.model.UsersData#16]
23:52:53.369 [Test worker] DEBUG org.hibernate.loader.Loader - Result set row: 15
23:52:53.369 [Test worker] DEBUG org.hibernate.loader.Loader - Result row: EntityKey[ru.stqa.pft.mantis.model.UsersData#17]
23:52:53.369 [Test worker] DEBUG org.hibernate.loader.Loader - Result set row: 16
23:52:53.369 [Test worker] DEBUG org.hibernate.loader.Loader - Result row: EntityKey[ru.stqa.pft.mantis.model.UsersData#18]
23:52:53.372 [Test worker] DEBUG org.hibernate.engine.internal.TwoPhaseLoad - Resolving attributes for [ru.stqa.pft.mantis.model.UsersData#2]
23:52:53.372 [Test worker] DEBUG org.hibernate.engine.internal.TwoPhaseLoad - Processing attribute `username` : value = user1630658103790
23:52:53.372 [Test worker] DEBUG org.hibernate.engine.internal.TwoPhaseLoad - Attribute (`username`)  - enhanced for lazy-loading? - false
23:52:53.373 [Test worker] DEBUG org.hibernate.engine.internal.TwoPhaseLoad - Done materializing entity [ru.stqa.pft.mantis.model.UsersData#2]
23:52:53.373 [Test worker] DEBUG org.hibernate.engine.internal.TwoPhaseLoad - Resolving attributes for [ru.stqa.pft.mantis.model.UsersData#3]
23:52:53.374 [Test worker] DEBUG org.hibernate.engine.internal.TwoPhaseLoad - Processing attribute `username` : value = user1630665542705
23:52:53.374 [Test worker] DEBUG org.hibernate.engine.internal.TwoPhaseLoad - Attribute (`username`)  - enhanced for lazy-loading? - false
23:52:53.374 [Test worker] DEBUG org.hibernate.engine.internal.TwoPhaseLoad - Done materializing entity [ru.stqa.pft.mantis.model.UsersData#3]
23:52:53.374 [Test worker] DEBUG org.hibernate.engine.internal.TwoPhaseLoad - Resolving attributes for [ru.stqa.pft.mantis.model.UsersData#4]
23:52:53.374 [Test worker] DEBUG org.hibernate.engine.internal.TwoPhaseLoad - Processing attribute `username` : value = user1630667493268
23:52:53.374 [Test worker] DEBUG org.hibernate.engine.internal.TwoPhaseLoad - Attribute (`username`)  - enhanced for lazy-loading? - false
23:52:53.374 [Test worker] DEBUG org.hibernate.engine.internal.TwoPhaseLoad - Done materializing entity [ru.stqa.pft.mantis.model.UsersData#4]
23:52:53.374 [Test worker] DEBUG org.hibernate.engine.internal.TwoPhaseLoad - Resolving attributes for [ru.stqa.pft.mantis.model.UsersData#5]
23:52:53.374 [Test worker] DEBUG org.hibernate.engine.internal.TwoPhaseLoad - Processing attribute `username` : value = user1630668761136
23:52:53.374 [Test worker] DEBUG org.hibernate.engine.internal.TwoPhaseLoad - Attribute (`username`)  - enhanced for lazy-loading? - false
23:52:53.374 [Test worker] DEBUG org.hibernate.engine.internal.TwoPhaseLoad - Done materializing entity [ru.stqa.pft.mantis.model.UsersData#5]
23:52:53.374 [Test worker] DEBUG org.hibernate.engine.internal.TwoPhaseLoad - Resolving attributes for [ru.stqa.pft.mantis.model.UsersData#6]
23:52:53.374 [Test worker] DEBUG org.hibernate.engine.internal.TwoPhaseLoad - Processing attribute `username` : value = user1630668790425
23:52:53.374 [Test worker] DEBUG org.hibernate.engine.internal.TwoPhaseLoad - Attribute (`username`)  - enhanced for lazy-loading? - false
23:52:53.374 [Test worker] DEBUG org.hibernate.engine.internal.TwoPhaseLoad - Done materializing entity [ru.stqa.pft.mantis.model.UsersData#6]
23:52:53.375 [Test worker] DEBUG org.hibernate.engine.internal.TwoPhaseLoad - Resolving attributes for [ru.stqa.pft.mantis.model.UsersData#7]
23:52:53.375 [Test worker] DEBUG org.hibernate.engine.internal.TwoPhaseLoad - Processing attribute `username` : value = user1630669132423
23:52:53.375 [Test worker] DEBUG org.hibernate.engine.internal.TwoPhaseLoad - Attribute (`username`)  - enhanced for lazy-loading? - false
23:52:53.375 [Test worker] DEBUG org.hibernate.engine.internal.TwoPhaseLoad - Done materializing entity [ru.stqa.pft.mantis.model.UsersData#7]
23:52:53.375 [Test worker] DEBUG org.hibernate.engine.internal.TwoPhaseLoad - Resolving attributes for [ru.stqa.pft.mantis.model.UsersData#8]
23:52:53.375 [Test worker] DEBUG org.hibernate.engine.internal.TwoPhaseLoad - Processing attribute `username` : value = user1630670281273
23:52:53.375 [Test worker] DEBUG org.hibernate.engine.internal.TwoPhaseLoad - Attribute (`username`)  - enhanced for lazy-loading? - false
23:52:53.375 [Test worker] DEBUG org.hibernate.engine.internal.TwoPhaseLoad - Done materializing entity [ru.stqa.pft.mantis.model.UsersData#8]
23:52:53.375 [Test worker] DEBUG org.hibernate.engine.internal.TwoPhaseLoad - Resolving attributes for [ru.stqa.pft.mantis.model.UsersData#9]
23:52:53.375 [Test worker] DEBUG org.hibernate.engine.internal.TwoPhaseLoad - Processing attribute `username` : value = user1630671414238
23:52:53.375 [Test worker] DEBUG org.hibernate.engine.internal.TwoPhaseLoad - Attribute (`username`)  - enhanced for lazy-loading? - false
23:52:53.375 [Test worker] DEBUG org.hibernate.engine.internal.TwoPhaseLoad - Done materializing entity [ru.stqa.pft.mantis.model.UsersData#9]
23:52:53.376 [Test worker] DEBUG org.hibernate.engine.internal.TwoPhaseLoad - Resolving attributes for [ru.stqa.pft.mantis.model.UsersData#10]
23:52:53.376 [Test worker] DEBUG org.hibernate.engine.internal.TwoPhaseLoad - Processing attribute `username` : value = user1630671822685
23:52:53.376 [Test worker] DEBUG org.hibernate.engine.internal.TwoPhaseLoad - Attribute (`username`)  - enhanced for lazy-loading? - false
23:52:53.376 [Test worker] DEBUG org.hibernate.engine.internal.TwoPhaseLoad - Done materializing entity [ru.stqa.pft.mantis.model.UsersData#10]
23:52:53.376 [Test worker] DEBUG org.hibernate.engine.internal.TwoPhaseLoad - Resolving attributes for [ru.stqa.pft.mantis.model.UsersData#11]
23:52:53.376 [Test worker] DEBUG org.hibernate.engine.internal.TwoPhaseLoad - Processing attribute `username` : value = user1630675782660
23:52:53.376 [Test worker] DEBUG org.hibernate.engine.internal.TwoPhaseLoad - Attribute (`username`)  - enhanced for lazy-loading? - false
23:52:53.376 [Test worker] DEBUG org.hibernate.engine.internal.TwoPhaseLoad - Done materializing entity [ru.stqa.pft.mantis.model.UsersData#11]
23:52:53.376 [Test worker] DEBUG org.hibernate.engine.internal.TwoPhaseLoad - Resolving attributes for [ru.stqa.pft.mantis.model.UsersData#12]
23:52:53.376 [Test worker] DEBUG org.hibernate.engine.internal.TwoPhaseLoad - Processing attribute `username` : value = user1630676858341
23:52:53.376 [Test worker] DEBUG org.hibernate.engine.internal.TwoPhaseLoad - Attribute (`username`)  - enhanced for lazy-loading? - false
23:52:53.377 [Test worker] DEBUG org.hibernate.engine.internal.TwoPhaseLoad - Done materializing entity [ru.stqa.pft.mantis.model.UsersData#12]
23:52:53.377 [Test worker] DEBUG org.hibernate.engine.internal.TwoPhaseLoad - Resolving attributes for [ru.stqa.pft.mantis.model.UsersData#13]
23:52:53.377 [Test worker] DEBUG org.hibernate.engine.internal.TwoPhaseLoad - Processing attribute `username` : value = user1630677245907
23:52:53.377 [Test worker] DEBUG org.hibernate.engine.internal.TwoPhaseLoad - Attribute (`username`)  - enhanced for lazy-loading? - false
23:52:53.377 [Test worker] DEBUG org.hibernate.engine.internal.TwoPhaseLoad - Done materializing entity [ru.stqa.pft.mantis.model.UsersData#13]
23:52:53.377 [Test worker] DEBUG org.hibernate.engine.internal.TwoPhaseLoad - Resolving attributes for [ru.stqa.pft.mantis.model.UsersData#14]
23:52:53.377 [Test worker] DEBUG org.hibernate.engine.internal.TwoPhaseLoad - Processing attribute `username` : value = user1630682064426
23:52:53.377 [Test worker] DEBUG org.hibernate.engine.internal.TwoPhaseLoad - Attribute (`username`)  - enhanced for lazy-loading? - false
23:52:53.377 [Test worker] DEBUG org.hibernate.engine.internal.TwoPhaseLoad - Done materializing entity [ru.stqa.pft.mantis.model.UsersData#14]
23:52:53.377 [Test worker] DEBUG org.hibernate.engine.internal.TwoPhaseLoad - Resolving attributes for [ru.stqa.pft.mantis.model.UsersData#15]
23:52:53.377 [Test worker] DEBUG org.hibernate.engine.internal.TwoPhaseLoad - Processing attribute `username` : value = user1630682113389
23:52:53.377 [Test worker] DEBUG org.hibernate.engine.internal.TwoPhaseLoad - Attribute (`username`)  - enhanced for lazy-loading? - false
23:52:53.378 [Test worker] DEBUG org.hibernate.engine.internal.TwoPhaseLoad - Done materializing entity [ru.stqa.pft.mantis.model.UsersData#15]
23:52:53.378 [Test worker] DEBUG org.hibernate.engine.internal.TwoPhaseLoad - Resolving attributes for [ru.stqa.pft.mantis.model.UsersData#16]
23:52:53.378 [Test worker] DEBUG org.hibernate.engine.internal.TwoPhaseLoad - Processing attribute `username` : value = user1630836785940
23:52:53.378 [Test worker] DEBUG org.hibernate.engine.internal.TwoPhaseLoad - Attribute (`username`)  - enhanced for lazy-loading? - false
23:52:53.378 [Test worker] DEBUG org.hibernate.engine.internal.TwoPhaseLoad - Done materializing entity [ru.stqa.pft.mantis.model.UsersData#16]
23:52:53.378 [Test worker] DEBUG org.hibernate.engine.internal.TwoPhaseLoad - Resolving attributes for [ru.stqa.pft.mantis.model.UsersData#17]
23:52:53.378 [Test worker] DEBUG org.hibernate.engine.internal.TwoPhaseLoad - Processing attribute `username` : value = user1630837253380
23:52:53.378 [Test worker] DEBUG org.hibernate.engine.internal.TwoPhaseLoad - Attribute (`username`)  - enhanced for lazy-loading? - false
23:52:53.378 [Test worker] DEBUG org.hibernate.engine.internal.TwoPhaseLoad - Done materializing entity [ru.stqa.pft.mantis.model.UsersData#17]
23:52:53.378 [Test worker] DEBUG org.hibernate.engine.internal.TwoPhaseLoad - Resolving attributes for [ru.stqa.pft.mantis.model.UsersData#18]
23:52:53.378 [Test worker] DEBUG org.hibernate.engine.internal.TwoPhaseLoad - Processing attribute `username` : value = user1630873004810
23:52:53.379 [Test worker] DEBUG org.hibernate.engine.internal.TwoPhaseLoad - Attribute (`username`)  - enhanced for lazy-loading? - false
23:52:53.379 [Test worker] DEBUG org.hibernate.engine.internal.TwoPhaseLoad - Done materializing entity [ru.stqa.pft.mantis.model.UsersData#18]
23:52:53.382 [Test worker] DEBUG org.hibernate.engine.transaction.internal.TransactionImpl - committing
23:52:53.382 [Test worker] DEBUG org.hibernate.event.internal.AbstractFlushingEventListener - Processing flush-time cascades
23:52:53.389 [Test worker] DEBUG org.hibernate.event.internal.AbstractFlushingEventListener - Dirty checking collections
23:52:53.393 [Test worker] DEBUG org.hibernate.event.internal.AbstractFlushingEventListener - Flushed: 0 insertions, 0 updates, 0 deletions to 17 objects
23:52:53.393 [Test worker] DEBUG org.hibernate.event.internal.AbstractFlushingEventListener - Flushed: 0 (re)creations, 0 updates, 0 removals to 0 collections
23:52:53.394 [Test worker] DEBUG org.hibernate.internal.util.EntityPrinter - Listing entities:
23:52:53.394 [Test worker] DEBUG org.hibernate.internal.util.EntityPrinter - ru.stqa.pft.mantis.model.UsersData{id=16, username=user1630836785940}
23:52:53.394 [Test worker] DEBUG org.hibernate.internal.util.EntityPrinter - ru.stqa.pft.mantis.model.UsersData{id=17, username=user1630837253380}
23:52:53.394 [Test worker] DEBUG org.hibernate.internal.util.EntityPrinter - ru.stqa.pft.mantis.model.UsersData{id=14, username=user1630682064426}
23:52:53.394 [Test worker] DEBUG org.hibernate.internal.util.EntityPrinter - ru.stqa.pft.mantis.model.UsersData{id=15, username=user1630682113389}
23:52:53.395 [Test worker] DEBUG org.hibernate.internal.util.EntityPrinter - ru.stqa.pft.mantis.model.UsersData{id=18, username=user1630873004810}
23:52:53.395 [Test worker] DEBUG org.hibernate.internal.util.EntityPrinter - ru.stqa.pft.mantis.model.UsersData{id=8, username=user1630670281273}
23:52:53.395 [Test worker] DEBUG org.hibernate.internal.util.EntityPrinter - ru.stqa.pft.mantis.model.UsersData{id=9, username=user1630671414238}
23:52:53.395 [Test worker] DEBUG org.hibernate.internal.util.EntityPrinter - ru.stqa.pft.mantis.model.UsersData{id=6, username=user1630668790425}
23:52:53.395 [Test worker] DEBUG org.hibernate.internal.util.EntityPrinter - ru.stqa.pft.mantis.model.UsersData{id=7, username=user1630669132423}
23:52:53.395 [Test worker] DEBUG org.hibernate.internal.util.EntityPrinter - ru.stqa.pft.mantis.model.UsersData{id=12, username=user1630676858341}
23:52:53.395 [Test worker] DEBUG org.hibernate.internal.util.EntityPrinter - ru.stqa.pft.mantis.model.UsersData{id=13, username=user1630677245907}
23:52:53.395 [Test worker] DEBUG org.hibernate.internal.util.EntityPrinter - ru.stqa.pft.mantis.model.UsersData{id=10, username=user1630671822685}
23:52:53.395 [Test worker] DEBUG org.hibernate.internal.util.EntityPrinter - ru.stqa.pft.mantis.model.UsersData{id=11, username=user1630675782660}
23:52:53.395 [Test worker] DEBUG org.hibernate.internal.util.EntityPrinter - ru.stqa.pft.mantis.model.UsersData{id=4, username=user1630667493268}
23:52:53.395 [Test worker] DEBUG org.hibernate.internal.util.EntityPrinter - ru.stqa.pft.mantis.model.UsersData{id=5, username=user1630668761136}
23:52:53.395 [Test worker] DEBUG org.hibernate.internal.util.EntityPrinter - ru.stqa.pft.mantis.model.UsersData{id=2, username=user1630658103790}
23:52:53.395 [Test worker] DEBUG org.hibernate.internal.util.EntityPrinter - ru.stqa.pft.mantis.model.UsersData{id=3, username=user1630665542705}
23:52:53.398 [Test worker] DEBUG org.hibernate.resource.jdbc.internal.LogicalConnectionManagedImpl - Initiating JDBC connection release from afterTransaction
23:52:53.398 [Test worker] DEBUG org.hibernate.resource.jdbc.internal.LogicalConnectionManagedImpl - Initiating JDBC connection release from afterTransaction
[UsersData{id=2, username='user1630658103790'}, UsersData{id=3, username='user1630665542705'}, UsersData{id=4, username='user1630667493268'}, UsersData{id=5, username='user1630668761136'}, UsersData{id=6, username='user1630668790425'}, UsersData{id=7, username='user1630669132423'}, UsersData{id=8, username='user1630670281273'}, UsersData{id=9, username='user1630671414238'}, UsersData{id=10, username='user1630671822685'}, UsersData{id=11, username='user1630675782660'}, UsersData{id=12, username='user1630676858341'}, UsersData{id=13, username='user1630677245907'}, UsersData{id=14, username='user1630682064426'}, UsersData{id=15, username='user1630682113389'}, UsersData{id=16, username='user1630836785940'}, UsersData{id=17, username='user1630837253380'}, UsersData{id=18, username='user1630873004810'}]
23:52:53.479 [Test worker] DEBUG io.netty.util.internal.logging.InternalLoggerFactory - Using SLF4J as the default logging framework
23:52:53.482 [Test worker] DEBUG io.netty.util.ResourceLeakDetector - -Dio.netty.leakDetection.level: simple
23:52:53.482 [Test worker] DEBUG io.netty.util.ResourceLeakDetector - -Dio.netty.leakDetection.targetRecords: 4
23:52:53.487 [Test worker] DEBUG io.netty.util.ResourceLeakDetectorFactory - Loaded default ResourceLeakDetector: io.netty.util.ResourceLeakDetector@16c5cbce
23:52:53.501 [Test worker] DEBUG io.netty.util.internal.PlatformDependent - Platform: Windows
23:52:53.502 [Test worker] DEBUG io.netty.util.internal.PlatformDependent0 - -Dio.netty.noUnsafe: false
23:52:53.502 [Test worker] DEBUG io.netty.util.internal.PlatformDependent0 - Java version: 15
23:52:53.504 [Test worker] DEBUG io.netty.util.internal.PlatformDependent0 - sun.misc.Unsafe.theUnsafe: available
23:52:53.504 [Test worker] DEBUG io.netty.util.internal.PlatformDependent0 - sun.misc.Unsafe.copyMemory: available
23:52:53.505 [Test worker] DEBUG io.netty.util.internal.PlatformDependent0 - java.nio.Buffer.address: available
23:52:53.505 [Test worker] DEBUG io.netty.util.internal.PlatformDependent0 - direct buffer constructor: unavailable
java.lang.UnsupportedOperationException: Reflective setAccessible(true) disabled
	at io.netty.util.internal.ReflectionUtil.trySetAccessible(ReflectionUtil.java:31)
	at io.netty.util.internal.PlatformDependent0$4.run(PlatformDependent0.java:239)
	at java.base/java.security.AccessController.doPrivileged(AccessController.java:312)
	at io.netty.util.internal.PlatformDependent0.<clinit>(PlatformDependent0.java:233)
	at io.netty.util.internal.PlatformDependent.isAndroid(PlatformDependent.java:294)
	at io.netty.util.internal.PlatformDependent.<clinit>(PlatformDependent.java:93)
	at io.netty.util.HashedWheelTimer.<init>(HashedWheelTimer.java:109)
	at io.netty.util.HashedWheelTimer.<init>(HashedWheelTimer.java:218)
	at io.netty.util.HashedWheelTimer.<init>(HashedWheelTimer.java:197)
	at org.asynchttpclient.DefaultAsyncHttpClient.newNettyTimer(DefaultAsyncHttpClient.java:111)
	at org.asynchttpclient.DefaultAsyncHttpClient.<init>(DefaultAsyncHttpClient.java:90)
	at org.asynchttpclient.Dsl.asyncHttpClient(Dsl.java:32)
	at org.openqa.selenium.remote.http.netty.NettyClient.createHttpClient(NettyClient.java:100)
	at org.openqa.selenium.remote.http.netty.NettyClient.<clinit>(NettyClient.java:51)
	at org.openqa.selenium.remote.http.netty.NettyClient$Factory.createClient(NettyClient.java:149)
	at org.openqa.selenium.remote.HttpCommandExecutor.<init>(HttpCommandExecutor.java:107)
	at org.openqa.selenium.remote.HttpCommandExecutor.<init>(HttpCommandExecutor.java:94)
	at org.openqa.selenium.remote.HttpCommandExecutor.<init>(HttpCommandExecutor.java:85)
	at org.openqa.selenium.remote.service.DriverCommandExecutor.<init>(DriverCommandExecutor.java:77)
	at org.openqa.selenium.firefox.FirefoxDriver$FirefoxDriverCommandExecutor.<init>(FirefoxDriver.java:160)
	at org.openqa.selenium.firefox.FirefoxDriver.toExecutor(FirefoxDriver.java:236)
	at org.openqa.selenium.firefox.FirefoxDriver.<init>(FirefoxDriver.java:193)
	at org.openqa.selenium.firefox.FirefoxDriver.<init>(FirefoxDriver.java:171)
	at ru.stqa.pft.mantis.appmanager.ApplicationManager.getDriver(ApplicationManager.java:82)
	at ru.stqa.pft.mantis.appmanager.HelperBase.<init>(HelperBase.java:12)
	at ru.stqa.pft.mantis.appmanager.UsersHelper.<init>(UsersHelper.java:16)
	at ru.stqa.pft.mantis.appmanager.ApplicationManager.users(ApplicationManager.java:68)
	at ru.stqa.pft.mantis.tests.ChangePasswordUsers.testChangePasswordUsers(ChangePasswordUsers.java:32)
	at java.base/jdk.internal.reflect.NativeMethodAccessorImpl.invoke0(Native Method)
	at java.base/jdk.internal.reflect.NativeMethodAccessorImpl.invoke(NativeMethodAccessorImpl.java:64)
	at java.base/jdk.internal.reflect.DelegatingMethodAccessorImpl.invoke(DelegatingMethodAccessorImpl.java:43)
	at java.base/java.lang.reflect.Method.invoke(Method.java:564)
	at org.testng.internal.MethodInvocationHelper.invokeMethod(MethodInvocationHelper.java:133)
	at org.testng.internal.TestInvoker.invokeMethod(TestInvoker.java:598)
	at org.testng.internal.TestInvoker.invokeTestMethod(TestInvoker.java:173)
	at org.testng.internal.MethodRunner.runInSequence(MethodRunner.java:46)
	at org.testng.internal.TestInvoker$MethodInvocationAgent.invoke(TestInvoker.java:824)
	at org.testng.internal.TestInvoker.invokeTestMethods(TestInvoker.java:146)
	at org.testng.internal.TestMethodWorker.invokeTestMethods(TestMethodWorker.java:146)
	at org.testng.internal.TestMethodWorker.run(TestMethodWorker.java:128)
	at java.base/java.util.ArrayList.forEach(ArrayList.java:1511)
	at org.testng.TestRunner.privateRun(TestRunner.java:794)
	at org.testng.TestRunner.run(TestRunner.java:596)
	at org.testng.SuiteRunner.runTest(SuiteRunner.java:377)
	at org.testng.SuiteRunner.runSequentially(SuiteRunner.java:371)
	at org.testng.SuiteRunner.privateRun(SuiteRunner.java:332)
	at org.testng.SuiteRunner.run(SuiteRunner.java:276)
	at org.testng.SuiteRunnerWorker.runSuite(SuiteRunnerWorker.java:53)
	at org.testng.SuiteRunnerWorker.run(SuiteRunnerWorker.java:96)
	at org.testng.TestNG.runSuitesSequentially(TestNG.java:1212)
	at org.testng.TestNG.runSuitesLocally(TestNG.java:1134)
	at org.testng.TestNG.runSuites(TestNG.java:1063)
	at org.testng.TestNG.run(TestNG.java:1031)
	at org.gradle.api.internal.tasks.testing.testng.TestNGTestClassProcessor.runTests(TestNGTestClassProcessor.java:141)
	at org.gradle.api.internal.tasks.testing.testng.TestNGTestClassProcessor.stop(TestNGTestClassProcessor.java:90)
	at org.gradle.api.internal.tasks.testing.SuiteTestClassProcessor.stop(SuiteTestClassProcessor.java:61)
	at java.base/jdk.internal.reflect.NativeMethodAccessorImpl.invoke0(Native Method)
	at java.base/jdk.internal.reflect.NativeMethodAccessorImpl.invoke(NativeMethodAccessorImpl.java:64)
	at java.base/jdk.internal.reflect.DelegatingMethodAccessorImpl.invoke(DelegatingMethodAccessorImpl.java:43)
	at java.base/java.lang.reflect.Method.invoke(Method.java:564)
	at org.gradle.internal.dispatch.ReflectionDispatch.dispatch(ReflectionDispatch.java:36)
	at org.gradle.internal.dispatch.ReflectionDispatch.dispatch(ReflectionDispatch.java:24)
	at org.gradle.internal.dispatch.ContextClassLoaderDispatch.dispatch(ContextClassLoaderDispatch.java:33)
	at org.gradle.internal.dispatch.ProxyDispatchAdapter$DispatchingInvocationHandler.invoke(ProxyDispatchAdapter.java:94)
	at com.sun.proxy.$Proxy2.stop(Unknown Source)
	at org.gradle.api.internal.tasks.testing.worker.TestWorker.stop(TestWorker.java:133)
	at java.base/jdk.internal.reflect.NativeMethodAccessorImpl.invoke0(Native Method)
	at java.base/jdk.internal.reflect.NativeMethodAccessorImpl.invoke(NativeMethodAccessorImpl.java:64)
	at java.base/jdk.internal.reflect.DelegatingMethodAccessorImpl.invoke(DelegatingMethodAccessorImpl.java:43)
	at java.base/java.lang.reflect.Method.invoke(Method.java:564)
	at org.gradle.internal.dispatch.ReflectionDispatch.dispatch(ReflectionDispatch.java:36)
	at org.gradle.internal.dispatch.ReflectionDispatch.dispatch(ReflectionDispatch.java:24)
	at org.gradle.internal.remote.internal.hub.MessageHubBackedObjectConnection$DispatchWrapper.dispatch(MessageHubBackedObjectConnection.java:182)
	at org.gradle.internal.remote.internal.hub.MessageHubBackedObjectConnection$DispatchWrapper.dispatch(MessageHubBackedObjectConnection.java:164)
	at org.gradle.internal.remote.internal.hub.MessageHub$Handler.run(MessageHub.java:414)
	at org.gradle.internal.concurrent.ExecutorPolicy$CatchAndRecordFailures.onExecute(ExecutorPolicy.java:64)
	at org.gradle.internal.concurrent.ManagedExecutorImpl$1.run(ManagedExecutorImpl.java:48)
	at java.base/java.util.concurrent.ThreadPoolExecutor.runWorker(ThreadPoolExecutor.java:1130)
	at java.base/java.util.concurrent.ThreadPoolExecutor$Worker.run(ThreadPoolExecutor.java:630)
	at org.gradle.internal.concurrent.ThreadFactoryImpl$ManagedThreadRunnable.run(ThreadFactoryImpl.java:56)
	at java.base/java.lang.Thread.run(Thread.java:832)
23:52:53.508 [Test worker] DEBUG io.netty.util.internal.PlatformDependent0 - java.nio.Bits.unaligned: available, true
23:52:53.510 [Test worker] DEBUG io.netty.util.internal.PlatformDependent0 - jdk.internal.misc.Unsafe.allocateUninitializedArray(int): unavailable
java.lang.IllegalAccessException: class io.netty.util.internal.PlatformDependent0$6 cannot access class jdk.internal.misc.Unsafe (in module java.base) because module java.base does not export jdk.internal.misc to unnamed module @7459610c
	at java.base/jdk.internal.reflect.Reflection.newIllegalAccessException(Reflection.java:385)
	at java.base/java.lang.reflect.AccessibleObject.checkAccess(AccessibleObject.java:693)
	at java.base/java.lang.reflect.Method.invoke(Method.java:556)
	at io.netty.util.internal.PlatformDependent0$6.run(PlatformDependent0.java:353)
	at java.base/java.security.AccessController.doPrivileged(AccessController.java:312)
	at io.netty.util.internal.PlatformDependent0.<clinit>(PlatformDependent0.java:344)
	at io.netty.util.internal.PlatformDependent.isAndroid(PlatformDependent.java:294)
	at io.netty.util.internal.PlatformDependent.<clinit>(PlatformDependent.java:93)
	at io.netty.util.HashedWheelTimer.<init>(HashedWheelTimer.java:109)
	at io.netty.util.HashedWheelTimer.<init>(HashedWheelTimer.java:218)
	at io.netty.util.HashedWheelTimer.<init>(HashedWheelTimer.java:197)
	at org.asynchttpclient.DefaultAsyncHttpClient.newNettyTimer(DefaultAsyncHttpClient.java:111)
	at org.asynchttpclient.DefaultAsyncHttpClient.<init>(DefaultAsyncHttpClient.java:90)
	at org.asynchttpclient.Dsl.asyncHttpClient(Dsl.java:32)
	at org.openqa.selenium.remote.http.netty.NettyClient.createHttpClient(NettyClient.java:100)
	at org.openqa.selenium.remote.http.netty.NettyClient.<clinit>(NettyClient.java:51)
	at org.openqa.selenium.remote.http.netty.NettyClient$Factory.createClient(NettyClient.java:149)
	at org.openqa.selenium.remote.HttpCommandExecutor.<init>(HttpCommandExecutor.java:107)
	at org.openqa.selenium.remote.HttpCommandExecutor.<init>(HttpCommandExecutor.java:94)
	at org.openqa.selenium.remote.HttpCommandExecutor.<init>(HttpCommandExecutor.java:85)
	at org.openqa.selenium.remote.service.DriverCommandExecutor.<init>(DriverCommandExecutor.java:77)
	at org.openqa.selenium.firefox.FirefoxDriver$FirefoxDriverCommandExecutor.<init>(FirefoxDriver.java:160)
	at org.openqa.selenium.firefox.FirefoxDriver.toExecutor(FirefoxDriver.java:236)
	at org.openqa.selenium.firefox.FirefoxDriver.<init>(FirefoxDriver.java:193)
	at org.openqa.selenium.firefox.FirefoxDriver.<init>(FirefoxDriver.java:171)
	at ru.stqa.pft.mantis.appmanager.ApplicationManager.getDriver(ApplicationManager.java:82)
	at ru.stqa.pft.mantis.appmanager.HelperBase.<init>(HelperBase.java:12)
	at ru.stqa.pft.mantis.appmanager.UsersHelper.<init>(UsersHelper.java:16)
	at ru.stqa.pft.mantis.appmanager.ApplicationManager.users(ApplicationManager.java:68)
	at ru.stqa.pft.mantis.tests.ChangePasswordUsers.testChangePasswordUsers(ChangePasswordUsers.java:32)
	at java.base/jdk.internal.reflect.NativeMethodAccessorImpl.invoke0(Native Method)
	at java.base/jdk.internal.reflect.NativeMethodAccessorImpl.invoke(NativeMethodAccessorImpl.java:64)
	at java.base/jdk.internal.reflect.DelegatingMethodAccessorImpl.invoke(DelegatingMethodAccessorImpl.java:43)
	at java.base/java.lang.reflect.Method.invoke(Method.java:564)
	at org.testng.internal.MethodInvocationHelper.invokeMethod(MethodInvocationHelper.java:133)
	at org.testng.internal.TestInvoker.invokeMethod(TestInvoker.java:598)
	at org.testng.internal.TestInvoker.invokeTestMethod(TestInvoker.java:173)
	at org.testng.internal.MethodRunner.runInSequence(MethodRunner.java:46)
	at org.testng.internal.TestInvoker$MethodInvocationAgent.invoke(TestInvoker.java:824)
	at org.testng.internal.TestInvoker.invokeTestMethods(TestInvoker.java:146)
	at org.testng.internal.TestMethodWorker.invokeTestMethods(TestMethodWorker.java:146)
	at org.testng.internal.TestMethodWorker.run(TestMethodWorker.java:128)
	at java.base/java.util.ArrayList.forEach(ArrayList.java:1511)
	at org.testng.TestRunner.privateRun(TestRunner.java:794)
	at org.testng.TestRunner.run(TestRunner.java:596)
	at org.testng.SuiteRunner.runTest(SuiteRunner.java:377)
	at org.testng.SuiteRunner.runSequentially(SuiteRunner.java:371)
	at org.testng.SuiteRunner.privateRun(SuiteRunner.java:332)
	at org.testng.SuiteRunner.run(SuiteRunner.java:276)
	at org.testng.SuiteRunnerWorker.runSuite(SuiteRunnerWorker.java:53)
	at org.testng.SuiteRunnerWorker.run(SuiteRunnerWorker.java:96)
	at org.testng.TestNG.runSuitesSequentially(TestNG.java:1212)
	at org.testng.TestNG.runSuitesLocally(TestNG.java:1134)
	at org.testng.TestNG.runSuites(TestNG.java:1063)
	at org.testng.TestNG.run(TestNG.java:1031)
	at org.gradle.api.internal.tasks.testing.testng.TestNGTestClassProcessor.runTests(TestNGTestClassProcessor.java:141)
	at org.gradle.api.internal.tasks.testing.testng.TestNGTestClassProcessor.stop(TestNGTestClassProcessor.java:90)
	at org.gradle.api.internal.tasks.testing.SuiteTestClassProcessor.stop(SuiteTestClassProcessor.java:61)
	at java.base/jdk.internal.reflect.NativeMethodAccessorImpl.invoke0(Native Method)
	at java.base/jdk.internal.reflect.NativeMethodAccessorImpl.invoke(NativeMethodAccessorImpl.java:64)
	at java.base/jdk.internal.reflect.DelegatingMethodAccessorImpl.invoke(DelegatingMethodAccessorImpl.java:43)
	at java.base/java.lang.reflect.Method.invoke(Method.java:564)
	at org.gradle.internal.dispatch.ReflectionDispatch.dispatch(ReflectionDispatch.java:36)
	at org.gradle.internal.dispatch.ReflectionDispatch.dispatch(ReflectionDispatch.java:24)
	at org.gradle.internal.dispatch.ContextClassLoaderDispatch.dispatch(ContextClassLoaderDispatch.java:33)
	at org.gradle.internal.dispatch.ProxyDispatchAdapter$DispatchingInvocationHandler.invoke(ProxyDispatchAdapter.java:94)
	at com.sun.proxy.$Proxy2.stop(Unknown Source)
	at org.gradle.api.internal.tasks.testing.worker.TestWorker.stop(TestWorker.java:133)
	at java.base/jdk.internal.reflect.NativeMethodAccessorImpl.invoke0(Native Method)
	at java.base/jdk.internal.reflect.NativeMethodAccessorImpl.invoke(NativeMethodAccessorImpl.java:64)
	at java.base/jdk.internal.reflect.DelegatingMethodAccessorImpl.invoke(DelegatingMethodAccessorImpl.java:43)
	at java.base/java.lang.reflect.Method.invoke(Method.java:564)
	at org.gradle.internal.dispatch.ReflectionDispatch.dispatch(ReflectionDispatch.java:36)
	at org.gradle.internal.dispatch.ReflectionDispatch.dispatch(ReflectionDispatch.java:24)
	at org.gradle.internal.remote.internal.hub.MessageHubBackedObjectConnection$DispatchWrapper.dispatch(MessageHubBackedObjectConnection.java:182)
	at org.gradle.internal.remote.internal.hub.MessageHubBackedObjectConnection$DispatchWrapper.dispatch(MessageHubBackedObjectConnection.java:164)
	at org.gradle.internal.remote.internal.hub.MessageHub$Handler.run(MessageHub.java:414)
	at org.gradle.internal.concurrent.ExecutorPolicy$CatchAndRecordFailures.onExecute(ExecutorPolicy.java:64)
	at org.gradle.internal.concurrent.ManagedExecutorImpl$1.run(ManagedExecutorImpl.java:48)
	at java.base/java.util.concurrent.ThreadPoolExecutor.runWorker(ThreadPoolExecutor.java:1130)
	at java.base/java.util.concurrent.ThreadPoolExecutor$Worker.run(ThreadPoolExecutor.java:630)
	at org.gradle.internal.concurrent.ThreadFactoryImpl$ManagedThreadRunnable.run(ThreadFactoryImpl.java:56)
	at java.base/java.lang.Thread.run(Thread.java:832)
23:52:53.513 [Test worker] DEBUG io.netty.util.internal.PlatformDependent0 - java.nio.DirectByteBuffer.<init>(long, int): unavailable
23:52:53.513 [Test worker] DEBUG io.netty.util.internal.PlatformDependent - sun.misc.Unsafe: available
23:52:53.530 [Test worker] DEBUG io.netty.util.internal.PlatformDependent - maxDirectMemory: 536870912 bytes (maybe)
23:52:53.531 [Test worker] DEBUG io.netty.util.internal.PlatformDependent - -Dio.netty.tmpdir: C:\Users\ruadmk3\AppData\Local\Temp (java.io.tmpdir)
23:52:53.531 [Test worker] DEBUG io.netty.util.internal.PlatformDependent - -Dio.netty.bitMode: 64 (sun.arch.data.model)
23:52:53.532 [Test worker] DEBUG io.netty.util.internal.PlatformDependent - -Dio.netty.maxDirectMemory: -1 bytes
23:52:53.532 [Test worker] DEBUG io.netty.util.internal.PlatformDependent - -Dio.netty.uninitializedArrayAllocationThreshold: -1
23:52:53.534 [Test worker] DEBUG io.netty.util.internal.CleanerJava9 - java.nio.ByteBuffer.cleaner(): available
23:52:53.534 [Test worker] DEBUG io.netty.util.internal.PlatformDependent - -Dio.netty.noPreferDirect: false
23:52:53.547 [Test worker] DEBUG io.netty.util.internal.PlatformDependent - org.jctools-core.MpscChunkedArrayQueue: available
23:52:53.570 [Test worker] DEBUG io.netty.util.internal.InternalThreadLocalMap - -Dio.netty.threadLocalMap.stringBuilder.initialSize: 1024
23:52:53.570 [Test worker] DEBUG io.netty.util.internal.InternalThreadLocalMap - -Dio.netty.threadLocalMap.stringBuilder.maxSize: 4096
23:52:53.725 [Test worker] DEBUG io.netty.handler.ssl.JdkSslContext - Default protocols (JDK): [TLSv1.3, TLSv1.2] 
23:52:53.726 [Test worker] DEBUG io.netty.handler.ssl.JdkSslContext - Default cipher suites (JDK): [TLS_ECDHE_ECDSA_WITH_AES_256_GCM_SHA384, TLS_ECDHE_ECDSA_WITH_AES_128_GCM_SHA256, TLS_ECDHE_RSA_WITH_AES_128_GCM_SHA256, TLS_ECDHE_RSA_WITH_AES_256_GCM_SHA384, TLS_ECDHE_RSA_WITH_AES_128_CBC_SHA, TLS_ECDHE_RSA_WITH_AES_256_CBC_SHA, TLS_RSA_WITH_AES_128_GCM_SHA256, TLS_RSA_WITH_AES_128_CBC_SHA, TLS_RSA_WITH_AES_256_CBC_SHA, TLS_AES_128_GCM_SHA256, TLS_AES_256_GCM_SHA384]
23:52:53.747 [Test worker] DEBUG io.netty.channel.MultithreadEventLoopGroup - -Dio.netty.eventLoopThreads: 16
23:52:53.753 [Test worker] DEBUG io.netty.channel.nio.NioEventLoop - -Dio.netty.noKeySetOptimization: false
23:52:53.753 [Test worker] DEBUG io.netty.channel.nio.NioEventLoop - -Dio.netty.selectorAutoRebuildThreshold: 512
23:52:53.782 [Test worker] DEBUG io.netty.buffer.PooledByteBufAllocator - -Dio.netty.allocator.numHeapArenas: 5
23:52:53.782 [Test worker] DEBUG io.netty.buffer.PooledByteBufAllocator - -Dio.netty.allocator.numDirectArenas: 5
23:52:53.782 [Test worker] DEBUG io.netty.buffer.PooledByteBufAllocator - -Dio.netty.allocator.pageSize: 8192
23:52:53.782 [Test worker] DEBUG io.netty.buffer.PooledByteBufAllocator - -Dio.netty.allocator.maxOrder: 11
23:52:53.782 [Test worker] DEBUG io.netty.buffer.PooledByteBufAllocator - -Dio.netty.allocator.chunkSize: 16777216
23:52:53.782 [Test worker] DEBUG io.netty.buffer.PooledByteBufAllocator - -Dio.netty.allocator.smallCacheSize: 256
23:52:53.782 [Test worker] DEBUG io.netty.buffer.PooledByteBufAllocator - -Dio.netty.allocator.normalCacheSize: 64
23:52:53.783 [Test worker] DEBUG io.netty.buffer.PooledByteBufAllocator - -Dio.netty.allocator.maxCachedBufferCapacity: 32768
23:52:53.783 [Test worker] DEBUG io.netty.buffer.PooledByteBufAllocator - -Dio.netty.allocator.cacheTrimInterval: 8192
23:52:53.783 [Test worker] DEBUG io.netty.buffer.PooledByteBufAllocator - -Dio.netty.allocator.cacheTrimIntervalMillis: 0
23:52:53.783 [Test worker] DEBUG io.netty.buffer.PooledByteBufAllocator - -Dio.netty.allocator.useCacheForAllThreads: true
23:52:53.783 [Test worker] DEBUG io.netty.buffer.PooledByteBufAllocator - -Dio.netty.allocator.maxCachedByteBuffersPerChunk: 1023
23:52:53.792 [Test worker] DEBUG io.netty.buffer.ByteBufUtil - -Dio.netty.allocator.type: pooled
23:52:53.793 [Test worker] DEBUG io.netty.buffer.ByteBufUtil - -Dio.netty.threadLocalDirectBufferSize: 0
23:52:53.793 [Test worker] DEBUG io.netty.buffer.ByteBufUtil - -Dio.netty.maxThreadLocalCharBufferSize: 16384
23:52:54.509 [Forwarding newSession on session null to remote] DEBUG io.netty.channel.DefaultChannelId - -Dio.netty.processId: 22320 (auto-detected)
23:52:54.511 [Forwarding newSession on session null to remote] DEBUG io.netty.util.NetUtil - -Djava.net.preferIPv4Stack: false
23:52:54.511 [Forwarding newSession on session null to remote] DEBUG io.netty.util.NetUtil - -Djava.net.preferIPv6Addresses: false
23:52:54.519 [Forwarding newSession on session null to remote] DEBUG io.netty.util.NetUtilInitializations - Loopback interface: lo (Software Loopback Interface 1, 127.0.0.1)
23:52:54.520 [Forwarding newSession on session null to remote] DEBUG io.netty.util.NetUtil - Failed to get SOMAXCONN from sysctl and file \proc\sys\net\core\somaxconn. Default: 200
23:52:54.547 [Forwarding newSession on session null to remote] DEBUG io.netty.channel.DefaultChannelId - -Dio.netty.machineId: 00:bb:60:ff:fe:b1:d7:44 (auto-detected)
23:52:54.580 [AsyncHttpClient-1-2] DEBUG io.netty.buffer.AbstractByteBuf - -Dio.netty.buffer.checkAccessible: true
23:52:54.580 [AsyncHttpClient-1-2] DEBUG io.netty.buffer.AbstractByteBuf - -Dio.netty.buffer.checkBounds: true
23:52:54.580 [AsyncHttpClient-1-2] DEBUG io.netty.util.ResourceLeakDetectorFactory - Loaded default ResourceLeakDetector: io.netty.util.ResourceLeakDetector@3678a5ec
23:52:54.589 [AsyncHttpClient-1-2] DEBUG org.asynchttpclient.netty.channel.NettyConnectListener - Using new Channel '[id: 0x01b23c47, L:/127.0.0.1:64172 - R:localhost/127.0.0.1:30466]' for 'POST' to '/session'
23:52:54.602 [AsyncHttpClient-1-2] DEBUG io.netty.util.Recycler - -Dio.netty.recycler.maxCapacityPerThread: 4096
23:52:54.602 [AsyncHttpClient-1-2] DEBUG io.netty.util.Recycler - -Dio.netty.recycler.maxSharedCapacityFactor: 2
23:52:54.602 [AsyncHttpClient-1-2] DEBUG io.netty.util.Recycler - -Dio.netty.recycler.linkCapacity: 16
23:52:54.602 [AsyncHttpClient-1-2] DEBUG io.netty.util.Recycler - -Dio.netty.recycler.ratio: 8
23:52:54.602 [AsyncHttpClient-1-2] DEBUG io.netty.util.Recycler - -Dio.netty.recycler.delayedQueue.ratio: 8
23:52:57.142 [AsyncHttpClient-1-2] DEBUG org.asynchttpclient.netty.handler.HttpHandler - 

Request DefaultHttpRequest(decodeResult: success, version: HTTP/1.1)
POST /session HTTP/1.1
User-Agent: selenium/4.0.0-beta-4 (java windows)
Content-Length: 381
Content-Type: application/json; charset=utf-8
host: localhost:30466
accept: */*

Response DefaultHttpResponse(decodeResult: success, version: HTTP/1.1)
HTTP/1.1 200 OK
content-type: application/json; charset=utf-8
cache-control: no-cache
date: Sun, 05 Sep 2021 20:52:54 GMT
content-length: 731

23:52:57.158 [AsyncHttpClient-1-2] DEBUG org.asynchttpclient.netty.channel.ChannelManager - Adding key: http://localhost:30466 for channel [id: 0x01b23c47, L:/127.0.0.1:64172 - R:localhost/127.0.0.1:30466]
23:52:57.227 [Forwarding get on session 3503c97e-ed59-42ef-93bd-1f8c37283236 to remote] DEBUG org.asynchttpclient.netty.request.NettyRequestSender - Using pooled Channel '[id: 0x01b23c47, L:/127.0.0.1:64172 - R:localhost/127.0.0.1:30466]' for 'POST' to 'http://localhost:30466/session/3503c97e-ed59-42ef-93bd-1f8c37283236/url'
23:52:57.227 [Forwarding get on session 3503c97e-ed59-42ef-93bd-1f8c37283236 to remote] DEBUG org.asynchttpclient.netty.request.NettyRequestSender - Using open Channel [id: 0x01b23c47, L:/127.0.0.1:64172 - R:localhost/127.0.0.1:30466] for POST '/session/3503c97e-ed59-42ef-93bd-1f8c37283236/url'
23:52:58.558 [AsyncHttpClient-1-2] DEBUG org.asynchttpclient.netty.handler.HttpHandler - 

Request DefaultHttpRequest(decodeResult: success, version: HTTP/1.1)
POST /session/3503c97e-ed59-42ef-93bd-1f8c37283236/url HTTP/1.1
User-Agent: selenium/4.0.0-beta-4 (java windows)
Content-Length: 68
Content-Type: application/json; charset=utf-8
host: localhost:30466
accept: */*

Response DefaultHttpResponse(decodeResult: success, version: HTTP/1.1)
HTTP/1.1 200 OK
content-type: application/json; charset=utf-8
cache-control: no-cache
date: Sun, 05 Sep 2021 20:52:57 GMT
content-length: 14

23:52:58.558 [AsyncHttpClient-1-2] DEBUG org.asynchttpclient.netty.channel.ChannelManager - Adding key: http://localhost:30466 for channel [id: 0x01b23c47, L:/127.0.0.1:64172 - R:localhost/127.0.0.1:30466]
23:52:58.564 [Forwarding findElement on session 3503c97e-ed59-42ef-93bd-1f8c37283236 to remote] DEBUG org.asynchttpclient.netty.request.NettyRequestSender - Using pooled Channel '[id: 0x01b23c47, L:/127.0.0.1:64172 - R:localhost/127.0.0.1:30466]' for 'POST' to 'http://localhost:30466/session/3503c97e-ed59-42ef-93bd-1f8c37283236/element'
23:52:58.564 [Forwarding findElement on session 3503c97e-ed59-42ef-93bd-1f8c37283236 to remote] DEBUG org.asynchttpclient.netty.request.NettyRequestSender - Using open Channel [id: 0x01b23c47, L:/127.0.0.1:64172 - R:localhost/127.0.0.1:30466] for POST '/session/3503c97e-ed59-42ef-93bd-1f8c37283236/element'
23:52:58.576 [AsyncHttpClient-1-2] DEBUG org.asynchttpclient.netty.handler.HttpHandler - 

Request DefaultHttpRequest(decodeResult: success, version: HTTP/1.1)
POST /session/3503c97e-ed59-42ef-93bd-1f8c37283236/element HTTP/1.1
User-Agent: selenium/4.0.0-beta-4 (java windows)
Content-Length: 62
Content-Type: application/json; charset=utf-8
host: localhost:30466
accept: */*

Response DefaultHttpResponse(decodeResult: success, version: HTTP/1.1)
HTTP/1.1 200 OK
content-type: application/json; charset=utf-8
cache-control: no-cache
date: Sun, 05 Sep 2021 20:52:58 GMT
content-length: 88

23:52:58.576 [AsyncHttpClient-1-2] DEBUG org.asynchttpclient.netty.channel.ChannelManager - Adding key: http://localhost:30466 for channel [id: 0x01b23c47, L:/127.0.0.1:64172 - R:localhost/127.0.0.1:30466]
23:52:58.579 [Forwarding clickElement on session 3503c97e-ed59-42ef-93bd-1f8c37283236 to remote] DEBUG org.asynchttpclient.netty.request.NettyRequestSender - Using pooled Channel '[id: 0x01b23c47, L:/127.0.0.1:64172 - R:localhost/127.0.0.1:30466]' for 'POST' to 'http://localhost:30466/session/3503c97e-ed59-42ef-93bd-1f8c37283236/element/98e4f205-fa6e-470a-8090-b1eddafc2109/click'
23:52:58.579 [Forwarding clickElement on session 3503c97e-ed59-42ef-93bd-1f8c37283236 to remote] DEBUG org.asynchttpclient.netty.request.NettyRequestSender - Using open Channel [id: 0x01b23c47, L:/127.0.0.1:64172 - R:localhost/127.0.0.1:30466] for POST '/session/3503c97e-ed59-42ef-93bd-1f8c37283236/element/98e4f205-fa6e-470a-8090-b1eddafc2109/click'
23:52:58.798 [AsyncHttpClient-1-2] DEBUG org.asynchttpclient.netty.handler.HttpHandler - 

Request DefaultHttpRequest(decodeResult: success, version: HTTP/1.1)
POST /session/3503c97e-ed59-42ef-93bd-1f8c37283236/element/98e4f205-fa6e-470a-8090-b1eddafc2109/click HTTP/1.1
User-Agent: selenium/4.0.0-beta-4 (java windows)
Content-Length: 50
Content-Type: application/json; charset=utf-8
host: localhost:30466
accept: */*

Response DefaultHttpResponse(decodeResult: success, version: HTTP/1.1)
HTTP/1.1 200 OK
content-type: application/json; charset=utf-8
cache-control: no-cache
date: Sun, 05 Sep 2021 20:52:58 GMT
content-length: 14

23:52:58.800 [AsyncHttpClient-1-2] DEBUG org.asynchttpclient.netty.channel.ChannelManager - Adding key: http://localhost:30466 for channel [id: 0x01b23c47, L:/127.0.0.1:64172 - R:localhost/127.0.0.1:30466]
23:52:58.809 [Forwarding findElement on session 3503c97e-ed59-42ef-93bd-1f8c37283236 to remote] DEBUG org.asynchttpclient.netty.request.NettyRequestSender - Using pooled Channel '[id: 0x01b23c47, L:/127.0.0.1:64172 - R:localhost/127.0.0.1:30466]' for 'POST' to 'http://localhost:30466/session/3503c97e-ed59-42ef-93bd-1f8c37283236/element'
23:52:58.810 [Forwarding findElement on session 3503c97e-ed59-42ef-93bd-1f8c37283236 to remote] DEBUG org.asynchttpclient.netty.request.NettyRequestSender - Using open Channel [id: 0x01b23c47, L:/127.0.0.1:64172 - R:localhost/127.0.0.1:30466] for POST '/session/3503c97e-ed59-42ef-93bd-1f8c37283236/element'
23:52:58.826 [AsyncHttpClient-1-2] DEBUG org.asynchttpclient.netty.handler.HttpHandler - 

Request DefaultHttpRequest(decodeResult: success, version: HTTP/1.1)
POST /session/3503c97e-ed59-42ef-93bd-1f8c37283236/element HTTP/1.1
User-Agent: selenium/4.0.0-beta-4 (java windows)
Content-Length: 62
Content-Type: application/json; charset=utf-8
host: localhost:30466
accept: */*

Response DefaultHttpResponse(decodeResult: success, version: HTTP/1.1)
HTTP/1.1 200 OK
content-type: application/json; charset=utf-8
cache-control: no-cache
date: Sun, 05 Sep 2021 20:52:58 GMT
content-length: 88

23:52:58.827 [AsyncHttpClient-1-2] DEBUG org.asynchttpclient.netty.channel.ChannelManager - Adding key: http://localhost:30466 for channel [id: 0x01b23c47, L:/127.0.0.1:64172 - R:localhost/127.0.0.1:30466]
23:52:58.853 [Forwarding getElementAttribute on session 3503c97e-ed59-42ef-93bd-1f8c37283236 to remote] DEBUG org.asynchttpclient.netty.request.NettyRequestSender - Using pooled Channel '[id: 0x01b23c47, L:/127.0.0.1:64172 - R:localhost/127.0.0.1:30466]' for 'POST' to 'http://localhost:30466/session/3503c97e-ed59-42ef-93bd-1f8c37283236/execute/sync'
23:52:58.853 [Forwarding getElementAttribute on session 3503c97e-ed59-42ef-93bd-1f8c37283236 to remote] DEBUG org.asynchttpclient.netty.request.NettyRequestSender - Using open Channel [id: 0x01b23c47, L:/127.0.0.1:64172 - R:localhost/127.0.0.1:30466] for POST '/session/3503c97e-ed59-42ef-93bd-1f8c37283236/execute/sync'
23:52:58.866 [AsyncHttpClient-1-2] DEBUG org.asynchttpclient.netty.handler.HttpHandler - 

Request DefaultHttpRequest(decodeResult: success, version: HTTP/1.1)
POST /session/3503c97e-ed59-42ef-93bd-1f8c37283236/execute/sync HTTP/1.1
User-Agent: selenium/4.0.0-beta-4 (java windows)
Content-Length: 47304
Content-Type: application/json; charset=utf-8
host: localhost:30466
accept: */*

Response DefaultHttpResponse(decodeResult: success, version: HTTP/1.1)
HTTP/1.1 200 OK
content-type: application/json; charset=utf-8
cache-control: no-cache
date: Sun, 05 Sep 2021 20:52:58 GMT
content-length: 12

23:52:58.867 [AsyncHttpClient-1-2] DEBUG org.asynchttpclient.netty.channel.ChannelManager - Adding key: http://localhost:30466 for channel [id: 0x01b23c47, L:/127.0.0.1:64172 - R:localhost/127.0.0.1:30466]
23:52:58.868 [Forwarding findElement on session 3503c97e-ed59-42ef-93bd-1f8c37283236 to remote] DEBUG org.asynchttpclient.netty.request.NettyRequestSender - Using pooled Channel '[id: 0x01b23c47, L:/127.0.0.1:64172 - R:localhost/127.0.0.1:30466]' for 'POST' to 'http://localhost:30466/session/3503c97e-ed59-42ef-93bd-1f8c37283236/element'
23:52:58.868 [Forwarding findElement on session 3503c97e-ed59-42ef-93bd-1f8c37283236 to remote] DEBUG org.asynchttpclient.netty.request.NettyRequestSender - Using open Channel [id: 0x01b23c47, L:/127.0.0.1:64172 - R:localhost/127.0.0.1:30466] for POST '/session/3503c97e-ed59-42ef-93bd-1f8c37283236/element'
23:52:58.872 [AsyncHttpClient-1-2] DEBUG org.asynchttpclient.netty.handler.HttpHandler - 

Request DefaultHttpRequest(decodeResult: success, version: HTTP/1.1)
POST /session/3503c97e-ed59-42ef-93bd-1f8c37283236/element HTTP/1.1
User-Agent: selenium/4.0.0-beta-4 (java windows)
Content-Length: 62
Content-Type: application/json; charset=utf-8
host: localhost:30466
accept: */*

Response DefaultHttpResponse(decodeResult: success, version: HTTP/1.1)
HTTP/1.1 200 OK
content-type: application/json; charset=utf-8
cache-control: no-cache
date: Sun, 05 Sep 2021 20:52:58 GMT
content-length: 88

23:52:58.872 [AsyncHttpClient-1-2] DEBUG org.asynchttpclient.netty.channel.ChannelManager - Adding key: http://localhost:30466 for channel [id: 0x01b23c47, L:/127.0.0.1:64172 - R:localhost/127.0.0.1:30466]
23:52:58.874 [Forwarding clearElement on session 3503c97e-ed59-42ef-93bd-1f8c37283236 to remote] DEBUG org.asynchttpclient.netty.request.NettyRequestSender - Using pooled Channel '[id: 0x01b23c47, L:/127.0.0.1:64172 - R:localhost/127.0.0.1:30466]' for 'POST' to 'http://localhost:30466/session/3503c97e-ed59-42ef-93bd-1f8c37283236/element/98e4f205-fa6e-470a-8090-b1eddafc2109/clear'
23:52:58.874 [Forwarding clearElement on session 3503c97e-ed59-42ef-93bd-1f8c37283236 to remote] DEBUG org.asynchttpclient.netty.request.NettyRequestSender - Using open Channel [id: 0x01b23c47, L:/127.0.0.1:64172 - R:localhost/127.0.0.1:30466] for POST '/session/3503c97e-ed59-42ef-93bd-1f8c37283236/element/98e4f205-fa6e-470a-8090-b1eddafc2109/clear'
23:52:58.894 [AsyncHttpClient-1-2] DEBUG org.asynchttpclient.netty.handler.HttpHandler - 

Request DefaultHttpRequest(decodeResult: success, version: HTTP/1.1)
POST /session/3503c97e-ed59-42ef-93bd-1f8c37283236/element/98e4f205-fa6e-470a-8090-b1eddafc2109/clear HTTP/1.1
User-Agent: selenium/4.0.0-beta-4 (java windows)
Content-Length: 50
Content-Type: application/json; charset=utf-8
host: localhost:30466
accept: */*

Response DefaultHttpResponse(decodeResult: success, version: HTTP/1.1)
HTTP/1.1 200 OK
content-type: application/json; charset=utf-8
cache-control: no-cache
date: Sun, 05 Sep 2021 20:52:58 GMT
content-length: 14

23:52:58.895 [AsyncHttpClient-1-2] DEBUG org.asynchttpclient.netty.channel.ChannelManager - Adding key: http://localhost:30466 for channel [id: 0x01b23c47, L:/127.0.0.1:64172 - R:localhost/127.0.0.1:30466]
23:52:58.896 [Forwarding findElement on session 3503c97e-ed59-42ef-93bd-1f8c37283236 to remote] DEBUG org.asynchttpclient.netty.request.NettyRequestSender - Using pooled Channel '[id: 0x01b23c47, L:/127.0.0.1:64172 - R:localhost/127.0.0.1:30466]' for 'POST' to 'http://localhost:30466/session/3503c97e-ed59-42ef-93bd-1f8c37283236/element'
23:52:58.897 [Forwarding findElement on session 3503c97e-ed59-42ef-93bd-1f8c37283236 to remote] DEBUG org.asynchttpclient.netty.request.NettyRequestSender - Using open Channel [id: 0x01b23c47, L:/127.0.0.1:64172 - R:localhost/127.0.0.1:30466] for POST '/session/3503c97e-ed59-42ef-93bd-1f8c37283236/element'
23:52:58.900 [AsyncHttpClient-1-2] DEBUG org.asynchttpclient.netty.handler.HttpHandler - 

Request DefaultHttpRequest(decodeResult: success, version: HTTP/1.1)
POST /session/3503c97e-ed59-42ef-93bd-1f8c37283236/element HTTP/1.1
User-Agent: selenium/4.0.0-beta-4 (java windows)
Content-Length: 62
Content-Type: application/json; charset=utf-8
host: localhost:30466
accept: */*

Response DefaultHttpResponse(decodeResult: success, version: HTTP/1.1)
HTTP/1.1 200 OK
content-type: application/json; charset=utf-8
cache-control: no-cache
date: Sun, 05 Sep 2021 20:52:58 GMT
content-length: 88

23:52:58.900 [AsyncHttpClient-1-2] DEBUG org.asynchttpclient.netty.channel.ChannelManager - Adding key: http://localhost:30466 for channel [id: 0x01b23c47, L:/127.0.0.1:64172 - R:localhost/127.0.0.1:30466]
23:52:58.903 [Forwarding sendKeysToElement on session 3503c97e-ed59-42ef-93bd-1f8c37283236 to remote] DEBUG org.asynchttpclient.netty.request.NettyRequestSender - Using pooled Channel '[id: 0x01b23c47, L:/127.0.0.1:64172 - R:localhost/127.0.0.1:30466]' for 'POST' to 'http://localhost:30466/session/3503c97e-ed59-42ef-93bd-1f8c37283236/element/98e4f205-fa6e-470a-8090-b1eddafc2109/value'
23:52:58.903 [Forwarding sendKeysToElement on session 3503c97e-ed59-42ef-93bd-1f8c37283236 to remote] DEBUG org.asynchttpclient.netty.request.NettyRequestSender - Using open Channel [id: 0x01b23c47, L:/127.0.0.1:64172 - R:localhost/127.0.0.1:30466] for POST '/session/3503c97e-ed59-42ef-93bd-1f8c37283236/element/98e4f205-fa6e-470a-8090-b1eddafc2109/value'
23:52:58.922 [AsyncHttpClient-1-2] DEBUG org.asynchttpclient.netty.handler.HttpHandler - 

Request DefaultHttpRequest(decodeResult: success, version: HTTP/1.1)
POST /session/3503c97e-ed59-42ef-93bd-1f8c37283236/element/98e4f205-fa6e-470a-8090-b1eddafc2109/value HTTP/1.1
User-Agent: selenium/4.0.0-beta-4 (java windows)
Content-Length: 211
Content-Type: application/json; charset=utf-8
host: localhost:30466
accept: */*

Response DefaultHttpResponse(decodeResult: success, version: HTTP/1.1)
HTTP/1.1 200 OK
content-type: application/json; charset=utf-8
cache-control: no-cache
date: Sun, 05 Sep 2021 20:52:58 GMT
content-length: 14

23:52:58.922 [AsyncHttpClient-1-2] DEBUG org.asynchttpclient.netty.channel.ChannelManager - Adding key: http://localhost:30466 for channel [id: 0x01b23c47, L:/127.0.0.1:64172 - R:localhost/127.0.0.1:30466]
23:52:58.923 [Forwarding findElement on session 3503c97e-ed59-42ef-93bd-1f8c37283236 to remote] DEBUG org.asynchttpclient.netty.request.NettyRequestSender - Using pooled Channel '[id: 0x01b23c47, L:/127.0.0.1:64172 - R:localhost/127.0.0.1:30466]' for 'POST' to 'http://localhost:30466/session/3503c97e-ed59-42ef-93bd-1f8c37283236/element'
23:52:58.923 [Forwarding findElement on session 3503c97e-ed59-42ef-93bd-1f8c37283236 to remote] DEBUG org.asynchttpclient.netty.request.NettyRequestSender - Using open Channel [id: 0x01b23c47, L:/127.0.0.1:64172 - R:localhost/127.0.0.1:30466] for POST '/session/3503c97e-ed59-42ef-93bd-1f8c37283236/element'
23:52:58.927 [AsyncHttpClient-1-2] DEBUG org.asynchttpclient.netty.handler.HttpHandler - 

Request DefaultHttpRequest(decodeResult: success, version: HTTP/1.1)
POST /session/3503c97e-ed59-42ef-93bd-1f8c37283236/element HTTP/1.1
User-Agent: selenium/4.0.0-beta-4 (java windows)
Content-Length: 64
Content-Type: application/json; charset=utf-8
host: localhost:30466
accept: */*

Response DefaultHttpResponse(decodeResult: success, version: HTTP/1.1)
HTTP/1.1 200 OK
content-type: application/json; charset=utf-8
cache-control: no-cache
date: Sun, 05 Sep 2021 20:52:58 GMT
content-length: 88

23:52:58.927 [AsyncHttpClient-1-2] DEBUG org.asynchttpclient.netty.channel.ChannelManager - Adding key: http://localhost:30466 for channel [id: 0x01b23c47, L:/127.0.0.1:64172 - R:localhost/127.0.0.1:30466]
23:52:58.929 [Forwarding clickElement on session 3503c97e-ed59-42ef-93bd-1f8c37283236 to remote] DEBUG org.asynchttpclient.netty.request.NettyRequestSender - Using pooled Channel '[id: 0x01b23c47, L:/127.0.0.1:64172 - R:localhost/127.0.0.1:30466]' for 'POST' to 'http://localhost:30466/session/3503c97e-ed59-42ef-93bd-1f8c37283236/element/5d2d688e-9ff6-4af5-9ab0-f973ab08bd3f/click'
23:52:58.929 [Forwarding clickElement on session 3503c97e-ed59-42ef-93bd-1f8c37283236 to remote] DEBUG org.asynchttpclient.netty.request.NettyRequestSender - Using open Channel [id: 0x01b23c47, L:/127.0.0.1:64172 - R:localhost/127.0.0.1:30466] for POST '/session/3503c97e-ed59-42ef-93bd-1f8c37283236/element/5d2d688e-9ff6-4af5-9ab0-f973ab08bd3f/click'
23:52:59.382 [AsyncHttpClient-1-2] DEBUG org.asynchttpclient.netty.handler.HttpHandler - 

Request DefaultHttpRequest(decodeResult: success, version: HTTP/1.1)
POST /session/3503c97e-ed59-42ef-93bd-1f8c37283236/element/5d2d688e-9ff6-4af5-9ab0-f973ab08bd3f/click HTTP/1.1
User-Agent: selenium/4.0.0-beta-4 (java windows)
Content-Length: 50
Content-Type: application/json; charset=utf-8
host: localhost:30466
accept: */*

Response DefaultHttpResponse(decodeResult: success, version: HTTP/1.1)
HTTP/1.1 200 OK
content-type: application/json; charset=utf-8
cache-control: no-cache
date: Sun, 05 Sep 2021 20:52:58 GMT
content-length: 14

23:52:59.382 [AsyncHttpClient-1-2] DEBUG org.asynchttpclient.netty.channel.ChannelManager - Adding key: http://localhost:30466 for channel [id: 0x01b23c47, L:/127.0.0.1:64172 - R:localhost/127.0.0.1:30466]
23:52:59.384 [Forwarding findElement on session 3503c97e-ed59-42ef-93bd-1f8c37283236 to remote] DEBUG org.asynchttpclient.netty.request.NettyRequestSender - Using pooled Channel '[id: 0x01b23c47, L:/127.0.0.1:64172 - R:localhost/127.0.0.1:30466]' for 'POST' to 'http://localhost:30466/session/3503c97e-ed59-42ef-93bd-1f8c37283236/element'
23:52:59.384 [Forwarding findElement on session 3503c97e-ed59-42ef-93bd-1f8c37283236 to remote] DEBUG org.asynchttpclient.netty.request.NettyRequestSender - Using open Channel [id: 0x01b23c47, L:/127.0.0.1:64172 - R:localhost/127.0.0.1:30466] for POST '/session/3503c97e-ed59-42ef-93bd-1f8c37283236/element'
23:52:59.387 [AsyncHttpClient-1-2] DEBUG org.asynchttpclient.netty.handler.HttpHandler - 

Request DefaultHttpRequest(decodeResult: success, version: HTTP/1.1)
POST /session/3503c97e-ed59-42ef-93bd-1f8c37283236/element HTTP/1.1
User-Agent: selenium/4.0.0-beta-4 (java windows)
Content-Length: 62
Content-Type: application/json; charset=utf-8
host: localhost:30466
accept: */*

Response DefaultHttpResponse(decodeResult: success, version: HTTP/1.1)
HTTP/1.1 200 OK
content-type: application/json; charset=utf-8
cache-control: no-cache
date: Sun, 05 Sep 2021 20:52:59 GMT
content-length: 88

23:52:59.388 [AsyncHttpClient-1-2] DEBUG org.asynchttpclient.netty.channel.ChannelManager - Adding key: http://localhost:30466 for channel [id: 0x01b23c47, L:/127.0.0.1:64172 - R:localhost/127.0.0.1:30466]
23:52:59.390 [Forwarding clickElement on session 3503c97e-ed59-42ef-93bd-1f8c37283236 to remote] DEBUG org.asynchttpclient.netty.request.NettyRequestSender - Using pooled Channel '[id: 0x01b23c47, L:/127.0.0.1:64172 - R:localhost/127.0.0.1:30466]' for 'POST' to 'http://localhost:30466/session/3503c97e-ed59-42ef-93bd-1f8c37283236/element/cc16af29-3fec-4743-b209-c8fbd96319f4/click'
23:52:59.390 [Forwarding clickElement on session 3503c97e-ed59-42ef-93bd-1f8c37283236 to remote] DEBUG org.asynchttpclient.netty.request.NettyRequestSender - Using open Channel [id: 0x01b23c47, L:/127.0.0.1:64172 - R:localhost/127.0.0.1:30466] for POST '/session/3503c97e-ed59-42ef-93bd-1f8c37283236/element/cc16af29-3fec-4743-b209-c8fbd96319f4/click'
23:52:59.674 [AsyncHttpClient-1-2] DEBUG org.asynchttpclient.netty.handler.HttpHandler - 

Request DefaultHttpRequest(decodeResult: success, version: HTTP/1.1)
POST /session/3503c97e-ed59-42ef-93bd-1f8c37283236/element/cc16af29-3fec-4743-b209-c8fbd96319f4/click HTTP/1.1
User-Agent: selenium/4.0.0-beta-4 (java windows)
Content-Length: 50
Content-Type: application/json; charset=utf-8
host: localhost:30466
accept: */*

Response DefaultHttpResponse(decodeResult: success, version: HTTP/1.1)
HTTP/1.1 200 OK
content-type: application/json; charset=utf-8
cache-control: no-cache
date: Sun, 05 Sep 2021 20:52:59 GMT
content-length: 14

23:52:59.675 [AsyncHttpClient-1-2] DEBUG org.asynchttpclient.netty.channel.ChannelManager - Adding key: http://localhost:30466 for channel [id: 0x01b23c47, L:/127.0.0.1:64172 - R:localhost/127.0.0.1:30466]
23:52:59.677 [Forwarding findElement on session 3503c97e-ed59-42ef-93bd-1f8c37283236 to remote] DEBUG org.asynchttpclient.netty.request.NettyRequestSender - Using pooled Channel '[id: 0x01b23c47, L:/127.0.0.1:64172 - R:localhost/127.0.0.1:30466]' for 'POST' to 'http://localhost:30466/session/3503c97e-ed59-42ef-93bd-1f8c37283236/element'
23:52:59.678 [Forwarding findElement on session 3503c97e-ed59-42ef-93bd-1f8c37283236 to remote] DEBUG org.asynchttpclient.netty.request.NettyRequestSender - Using open Channel [id: 0x01b23c47, L:/127.0.0.1:64172 - R:localhost/127.0.0.1:30466] for POST '/session/3503c97e-ed59-42ef-93bd-1f8c37283236/element'
23:52:59.682 [AsyncHttpClient-1-2] DEBUG org.asynchttpclient.netty.handler.HttpHandler - 

Request DefaultHttpRequest(decodeResult: success, version: HTTP/1.1)
POST /session/3503c97e-ed59-42ef-93bd-1f8c37283236/element HTTP/1.1
User-Agent: selenium/4.0.0-beta-4 (java windows)
Content-Length: 62
Content-Type: application/json; charset=utf-8
host: localhost:30466
accept: */*

Response DefaultHttpResponse(decodeResult: success, version: HTTP/1.1)
HTTP/1.1 200 OK
content-type: application/json; charset=utf-8
cache-control: no-cache
date: Sun, 05 Sep 2021 20:52:59 GMT
content-length: 88

23:52:59.682 [AsyncHttpClient-1-2] DEBUG org.asynchttpclient.netty.channel.ChannelManager - Adding key: http://localhost:30466 for channel [id: 0x01b23c47, L:/127.0.0.1:64172 - R:localhost/127.0.0.1:30466]
23:52:59.688 [Forwarding getElementAttribute on session 3503c97e-ed59-42ef-93bd-1f8c37283236 to remote] DEBUG org.asynchttpclient.netty.request.NettyRequestSender - Using pooled Channel '[id: 0x01b23c47, L:/127.0.0.1:64172 - R:localhost/127.0.0.1:30466]' for 'POST' to 'http://localhost:30466/session/3503c97e-ed59-42ef-93bd-1f8c37283236/execute/sync'
23:52:59.688 [Forwarding getElementAttribute on session 3503c97e-ed59-42ef-93bd-1f8c37283236 to remote] DEBUG org.asynchttpclient.netty.request.NettyRequestSender - Using open Channel [id: 0x01b23c47, L:/127.0.0.1:64172 - R:localhost/127.0.0.1:30466] for POST '/session/3503c97e-ed59-42ef-93bd-1f8c37283236/execute/sync'
23:52:59.708 [AsyncHttpClient-1-2] DEBUG org.asynchttpclient.netty.handler.HttpHandler - 

Request DefaultHttpRequest(decodeResult: success, version: HTTP/1.1)
POST /session/3503c97e-ed59-42ef-93bd-1f8c37283236/execute/sync HTTP/1.1
User-Agent: selenium/4.0.0-beta-4 (java windows)
Content-Length: 47304
Content-Type: application/json; charset=utf-8
host: localhost:30466
accept: */*

Response DefaultHttpResponse(decodeResult: success, version: HTTP/1.1)
HTTP/1.1 200 OK
content-type: application/json; charset=utf-8
cache-control: no-cache
date: Sun, 05 Sep 2021 20:52:59 GMT
content-length: 12

23:52:59.708 [AsyncHttpClient-1-2] DEBUG org.asynchttpclient.netty.channel.ChannelManager - Adding key: http://localhost:30466 for channel [id: 0x01b23c47, L:/127.0.0.1:64172 - R:localhost/127.0.0.1:30466]
23:52:59.712 [Forwarding findElement on session 3503c97e-ed59-42ef-93bd-1f8c37283236 to remote] DEBUG org.asynchttpclient.netty.request.NettyRequestSender - Using pooled Channel '[id: 0x01b23c47, L:/127.0.0.1:64172 - R:localhost/127.0.0.1:30466]' for 'POST' to 'http://localhost:30466/session/3503c97e-ed59-42ef-93bd-1f8c37283236/element'
23:52:59.712 [Forwarding findElement on session 3503c97e-ed59-42ef-93bd-1f8c37283236 to remote] DEBUG org.asynchttpclient.netty.request.NettyRequestSender - Using open Channel [id: 0x01b23c47, L:/127.0.0.1:64172 - R:localhost/127.0.0.1:30466] for POST '/session/3503c97e-ed59-42ef-93bd-1f8c37283236/element'
23:52:59.716 [AsyncHttpClient-1-2] DEBUG org.asynchttpclient.netty.handler.HttpHandler - 

Request DefaultHttpRequest(decodeResult: success, version: HTTP/1.1)
POST /session/3503c97e-ed59-42ef-93bd-1f8c37283236/element HTTP/1.1
User-Agent: selenium/4.0.0-beta-4 (java windows)
Content-Length: 62
Content-Type: application/json; charset=utf-8
host: localhost:30466
accept: */*

Response DefaultHttpResponse(decodeResult: success, version: HTTP/1.1)
HTTP/1.1 200 OK
content-type: application/json; charset=utf-8
cache-control: no-cache
date: Sun, 05 Sep 2021 20:52:59 GMT
content-length: 88

23:52:59.716 [AsyncHttpClient-1-2] DEBUG org.asynchttpclient.netty.channel.ChannelManager - Adding key: http://localhost:30466 for channel [id: 0x01b23c47, L:/127.0.0.1:64172 - R:localhost/127.0.0.1:30466]
23:52:59.718 [Forwarding clearElement on session 3503c97e-ed59-42ef-93bd-1f8c37283236 to remote] DEBUG org.asynchttpclient.netty.request.NettyRequestSender - Using pooled Channel '[id: 0x01b23c47, L:/127.0.0.1:64172 - R:localhost/127.0.0.1:30466]' for 'POST' to 'http://localhost:30466/session/3503c97e-ed59-42ef-93bd-1f8c37283236/element/cc16af29-3fec-4743-b209-c8fbd96319f4/clear'
23:52:59.718 [Forwarding clearElement on session 3503c97e-ed59-42ef-93bd-1f8c37283236 to remote] DEBUG org.asynchttpclient.netty.request.NettyRequestSender - Using open Channel [id: 0x01b23c47, L:/127.0.0.1:64172 - R:localhost/127.0.0.1:30466] for POST '/session/3503c97e-ed59-42ef-93bd-1f8c37283236/element/cc16af29-3fec-4743-b209-c8fbd96319f4/clear'
23:52:59.721 [AsyncHttpClient-1-2] DEBUG org.asynchttpclient.netty.handler.HttpHandler - 

Request DefaultHttpRequest(decodeResult: success, version: HTTP/1.1)
POST /session/3503c97e-ed59-42ef-93bd-1f8c37283236/element/cc16af29-3fec-4743-b209-c8fbd96319f4/clear HTTP/1.1
User-Agent: selenium/4.0.0-beta-4 (java windows)
Content-Length: 50
Content-Type: application/json; charset=utf-8
host: localhost:30466
accept: */*

Response DefaultHttpResponse(decodeResult: success, version: HTTP/1.1)
HTTP/1.1 200 OK
content-type: application/json; charset=utf-8
cache-control: no-cache
date: Sun, 05 Sep 2021 20:52:59 GMT
content-length: 14

23:52:59.722 [AsyncHttpClient-1-2] DEBUG org.asynchttpclient.netty.channel.ChannelManager - Adding key: http://localhost:30466 for channel [id: 0x01b23c47, L:/127.0.0.1:64172 - R:localhost/127.0.0.1:30466]
23:52:59.724 [Forwarding findElement on session 3503c97e-ed59-42ef-93bd-1f8c37283236 to remote] DEBUG org.asynchttpclient.netty.request.NettyRequestSender - Using pooled Channel '[id: 0x01b23c47, L:/127.0.0.1:64172 - R:localhost/127.0.0.1:30466]' for 'POST' to 'http://localhost:30466/session/3503c97e-ed59-42ef-93bd-1f8c37283236/element'
23:52:59.725 [Forwarding findElement on session 3503c97e-ed59-42ef-93bd-1f8c37283236 to remote] DEBUG org.asynchttpclient.netty.request.NettyRequestSender - Using open Channel [id: 0x01b23c47, L:/127.0.0.1:64172 - R:localhost/127.0.0.1:30466] for POST '/session/3503c97e-ed59-42ef-93bd-1f8c37283236/element'
23:52:59.729 [AsyncHttpClient-1-2] DEBUG org.asynchttpclient.netty.handler.HttpHandler - 

Request DefaultHttpRequest(decodeResult: success, version: HTTP/1.1)
POST /session/3503c97e-ed59-42ef-93bd-1f8c37283236/element HTTP/1.1
User-Agent: selenium/4.0.0-beta-4 (java windows)
Content-Length: 62
Content-Type: application/json; charset=utf-8
host: localhost:30466
accept: */*

Response DefaultHttpResponse(decodeResult: success, version: HTTP/1.1)
HTTP/1.1 200 OK
content-type: application/json; charset=utf-8
cache-control: no-cache
date: Sun, 05 Sep 2021 20:52:59 GMT
content-length: 88

23:52:59.729 [AsyncHttpClient-1-2] DEBUG org.asynchttpclient.netty.channel.ChannelManager - Adding key: http://localhost:30466 for channel [id: 0x01b23c47, L:/127.0.0.1:64172 - R:localhost/127.0.0.1:30466]
23:52:59.731 [Forwarding sendKeysToElement on session 3503c97e-ed59-42ef-93bd-1f8c37283236 to remote] DEBUG org.asynchttpclient.netty.request.NettyRequestSender - Using pooled Channel '[id: 0x01b23c47, L:/127.0.0.1:64172 - R:localhost/127.0.0.1:30466]' for 'POST' to 'http://localhost:30466/session/3503c97e-ed59-42ef-93bd-1f8c37283236/element/cc16af29-3fec-4743-b209-c8fbd96319f4/value'
23:52:59.731 [Forwarding sendKeysToElement on session 3503c97e-ed59-42ef-93bd-1f8c37283236 to remote] DEBUG org.asynchttpclient.netty.request.NettyRequestSender - Using open Channel [id: 0x01b23c47, L:/127.0.0.1:64172 - R:localhost/127.0.0.1:30466] for POST '/session/3503c97e-ed59-42ef-93bd-1f8c37283236/element/cc16af29-3fec-4743-b209-c8fbd96319f4/value'
23:52:59.741 [AsyncHttpClient-1-2] DEBUG org.asynchttpclient.netty.handler.HttpHandler - 

Request DefaultHttpRequest(decodeResult: success, version: HTTP/1.1)
POST /session/3503c97e-ed59-42ef-93bd-1f8c37283236/element/cc16af29-3fec-4743-b209-c8fbd96319f4/value HTTP/1.1
User-Agent: selenium/4.0.0-beta-4 (java windows)
Content-Length: 151
Content-Type: application/json; charset=utf-8
host: localhost:30466
accept: */*

Response DefaultHttpResponse(decodeResult: success, version: HTTP/1.1)
HTTP/1.1 200 OK
content-type: application/json; charset=utf-8
cache-control: no-cache
date: Sun, 05 Sep 2021 20:52:59 GMT
content-length: 14

23:52:59.741 [AsyncHttpClient-1-2] DEBUG org.asynchttpclient.netty.channel.ChannelManager - Adding key: http://localhost:30466 for channel [id: 0x01b23c47, L:/127.0.0.1:64172 - R:localhost/127.0.0.1:30466]
23:52:59.742 [Forwarding findElement on session 3503c97e-ed59-42ef-93bd-1f8c37283236 to remote] DEBUG org.asynchttpclient.netty.request.NettyRequestSender - Using pooled Channel '[id: 0x01b23c47, L:/127.0.0.1:64172 - R:localhost/127.0.0.1:30466]' for 'POST' to 'http://localhost:30466/session/3503c97e-ed59-42ef-93bd-1f8c37283236/element'
23:52:59.742 [Forwarding findElement on session 3503c97e-ed59-42ef-93bd-1f8c37283236 to remote] DEBUG org.asynchttpclient.netty.request.NettyRequestSender - Using open Channel [id: 0x01b23c47, L:/127.0.0.1:64172 - R:localhost/127.0.0.1:30466] for POST '/session/3503c97e-ed59-42ef-93bd-1f8c37283236/element'
23:52:59.746 [AsyncHttpClient-1-2] DEBUG org.asynchttpclient.netty.handler.HttpHandler - 

Request DefaultHttpRequest(decodeResult: success, version: HTTP/1.1)
POST /session/3503c97e-ed59-42ef-93bd-1f8c37283236/element HTTP/1.1
User-Agent: selenium/4.0.0-beta-4 (java windows)
Content-Length: 64
Content-Type: application/json; charset=utf-8
host: localhost:30466
accept: */*

Response DefaultHttpResponse(decodeResult: success, version: HTTP/1.1)
HTTP/1.1 200 OK
content-type: application/json; charset=utf-8
cache-control: no-cache
date: Sun, 05 Sep 2021 20:52:59 GMT
content-length: 88

23:52:59.746 [AsyncHttpClient-1-2] DEBUG org.asynchttpclient.netty.channel.ChannelManager - Adding key: http://localhost:30466 for channel [id: 0x01b23c47, L:/127.0.0.1:64172 - R:localhost/127.0.0.1:30466]
23:52:59.748 [Forwarding clickElement on session 3503c97e-ed59-42ef-93bd-1f8c37283236 to remote] DEBUG org.asynchttpclient.netty.request.NettyRequestSender - Using pooled Channel '[id: 0x01b23c47, L:/127.0.0.1:64172 - R:localhost/127.0.0.1:30466]' for 'POST' to 'http://localhost:30466/session/3503c97e-ed59-42ef-93bd-1f8c37283236/element/af31a42b-a693-4ea7-a560-9ddad21dc717/click'
23:52:59.748 [Forwarding clickElement on session 3503c97e-ed59-42ef-93bd-1f8c37283236 to remote] DEBUG org.asynchttpclient.netty.request.NettyRequestSender - Using open Channel [id: 0x01b23c47, L:/127.0.0.1:64172 - R:localhost/127.0.0.1:30466] for POST '/session/3503c97e-ed59-42ef-93bd-1f8c37283236/element/af31a42b-a693-4ea7-a560-9ddad21dc717/click'
23:53:00.772 [AsyncHttpClient-1-2] DEBUG org.asynchttpclient.netty.handler.HttpHandler - 

Request DefaultHttpRequest(decodeResult: success, version: HTTP/1.1)
POST /session/3503c97e-ed59-42ef-93bd-1f8c37283236/element/af31a42b-a693-4ea7-a560-9ddad21dc717/click HTTP/1.1
User-Agent: selenium/4.0.0-beta-4 (java windows)
Content-Length: 50
Content-Type: application/json; charset=utf-8
host: localhost:30466
accept: */*

Response DefaultHttpResponse(decodeResult: success, version: HTTP/1.1)
HTTP/1.1 200 OK
content-type: application/json; charset=utf-8
cache-control: no-cache
date: Sun, 05 Sep 2021 20:52:59 GMT
content-length: 14

23:53:00.773 [AsyncHttpClient-1-2] DEBUG org.asynchttpclient.netty.channel.ChannelManager - Adding key: http://localhost:30466 for channel [id: 0x01b23c47, L:/127.0.0.1:64172 - R:localhost/127.0.0.1:30466]
23:53:00.775 [Forwarding findElement on session 3503c97e-ed59-42ef-93bd-1f8c37283236 to remote] DEBUG org.asynchttpclient.netty.request.NettyRequestSender - Using pooled Channel '[id: 0x01b23c47, L:/127.0.0.1:64172 - R:localhost/127.0.0.1:30466]' for 'POST' to 'http://localhost:30466/session/3503c97e-ed59-42ef-93bd-1f8c37283236/element'
[...]
23:53:04.404 [AsyncHttpClient-1-2] DEBUG org.asynchttpclient.netty.handler.HttpHandler - 

Request DefaultHttpRequest(decodeResult: success, version: HTTP/1.1)
POST /session/3503c97e-ed59-42ef-93bd-1f8c37283236/element HTTP/1.1
User-Agent: selenium/4.0.0-beta-4 (java windows)
Content-Length: 62
Content-Type: application/json; charset=utf-8
host: localhost:30466
accept: */*

Response DefaultHttpResponse(decodeResult: success, version: HTTP/1.1)
HTTP/1.1 200 OK
content-type: application/json; charset=utf-8
cache-control: no-cache
date: Sun, 05 Sep 2021 20:53:04 GMT
content-length: 88

23:53:04.405 [AsyncHttpClient-1-2] DEBUG org.asynchttpclient.netty.channel.ChannelManager - Adding key: http://localhost:30466 for channel [id: 0x01b23c47, L:/127.0.0.1:64172 - R:localhost/127.0.0.1:30466]
23:53:04.406 [Forwarding sendKeysToElement on session 3503c97e-ed59-42ef-93bd-1f8c37283236 to remote] DEBUG org.asynchttpclient.netty.request.NettyRequestSender - Using pooled Channel '[id: 0x01b23c47, L:/127.0.0.1:64172 - R:localhost/127.0.0.1:30466]' for 'POST' to 'http://localhost:30466/session/3503c97e-ed59-42ef-93bd-1f8c37283236/element/100f5e89-c1b7-42df-bfb7-65d087c1ebdd/value'
23:53:04.406 [Forwarding sendKeysToElement on session 3503c97e-ed59-42ef-93bd-1f8c37283236 to remote] DEBUG org.asynchttpclient.netty.request.NettyRequestSender - Using open Channel [id: 0x01b23c47, L:/127.0.0.1:64172 - R:localhost/127.0.0.1:30466] for POST '/session/3503c97e-ed59-42ef-93bd-1f8c37283236/element/100f5e89-c1b7-42df-bfb7-65d087c1ebdd/value'
23:53:04.420 [AsyncHttpClient-1-2] DEBUG org.asynchttpclient.netty.handler.HttpHandler - 

Request DefaultHttpRequest(decodeResult: success, version: HTTP/1.1)
POST /session/3503c97e-ed59-42ef-93bd-1f8c37283236/element/100f5e89-c1b7-42df-bfb7-65d087c1ebdd/value HTTP/1.1
User-Agent: selenium/4.0.0-beta-4 (java windows)
Content-Length: 151
Content-Type: application/json; charset=utf-8
host: localhost:30466
accept: */*

Response DefaultHttpResponse(decodeResult: success, version: HTTP/1.1)
HTTP/1.1 200 OK
content-type: application/json; charset=utf-8
cache-control: no-cache
date: Sun, 05 Sep 2021 20:53:04 GMT
content-length: 14

23:53:04.420 [AsyncHttpClient-1-2] DEBUG org.asynchttpclient.netty.channel.ChannelManager - Adding key: http://localhost:30466 for channel [id: 0x01b23c47, L:/127.0.0.1:64172 - R:localhost/127.0.0.1:30466]
23:53:04.422 [Forwarding findElement on session 3503c97e-ed59-42ef-93bd-1f8c37283236 to remote] DEBUG org.asynchttpclient.netty.request.NettyRequestSender - Using pooled Channel '[id: 0x01b23c47, L:/127.0.0.1:64172 - R:localhost/127.0.0.1:30466]' for 'POST' to 'http://localhost:30466/session/3503c97e-ed59-42ef-93bd-1f8c37283236/element'
23:53:04.422 [Forwarding findElement on session 3503c97e-ed59-42ef-93bd-1f8c37283236 to remote] DEBUG org.asynchttpclient.netty.request.NettyRequestSender - Using open Channel [id: 0x01b23c47, L:/127.0.0.1:64172 - R:localhost/127.0.0.1:30466] for POST '/session/3503c97e-ed59-42ef-93bd-1f8c37283236/element'
23:53:04.425 [AsyncHttpClient-1-2] DEBUG org.asynchttpclient.netty.handler.HttpHandler - 

Request DefaultHttpRequest(decodeResult: success, version: HTTP/1.1)
POST /session/3503c97e-ed59-42ef-93bd-1f8c37283236/element HTTP/1.1
User-Agent: selenium/4.0.0-beta-4 (java windows)
Content-Length: 70
Content-Type: application/json; charset=utf-8
host: localhost:30466
accept: */*

Response DefaultHttpResponse(decodeResult: success, version: HTTP/1.1)
HTTP/1.1 200 OK
content-type: application/json; charset=utf-8
cache-control: no-cache
date: Sun, 05 Sep 2021 20:53:04 GMT
content-length: 88

23:53:04.426 [AsyncHttpClient-1-2] DEBUG org.asynchttpclient.netty.channel.ChannelManager - Adding key: http://localhost:30466 for channel [id: 0x01b23c47, L:/127.0.0.1:64172 - R:localhost/127.0.0.1:30466]
23:53:04.427 [Forwarding clickElement on session 3503c97e-ed59-42ef-93bd-1f8c37283236 to remote] DEBUG org.asynchttpclient.netty.request.NettyRequestSender - Using pooled Channel '[id: 0x01b23c47, L:/127.0.0.1:64172 - R:localhost/127.0.0.1:30466]' for 'POST' to 'http://localhost:30466/session/3503c97e-ed59-42ef-93bd-1f8c37283236/element/a0a6b91f-c46a-4f90-a0d0-656478085023/click'
23:53:04.427 [Forwarding clickElement on session 3503c97e-ed59-42ef-93bd-1f8c37283236 to remote] DEBUG org.asynchttpclient.netty.request.NettyRequestSender - Using open Channel [id: 0x01b23c47, L:/127.0.0.1:64172 - R:localhost/127.0.0.1:30466] for POST '/session/3503c97e-ed59-42ef-93bd-1f8c37283236/element/a0a6b91f-c46a-4f90-a0d0-656478085023/click'
23:53:04.643 [AsyncHttpClient-1-2] DEBUG org.asynchttpclient.netty.handler.HttpHandler - 

Request DefaultHttpRequest(decodeResult: success, version: HTTP/1.1)
POST /session/3503c97e-ed59-42ef-93bd-1f8c37283236/element/a0a6b91f-c46a-4f90-a0d0-656478085023/click HTTP/1.1
User-Agent: selenium/4.0.0-beta-4 (java windows)
Content-Length: 50
Content-Type: application/json; charset=utf-8
host: localhost:30466
accept: */*

Response DefaultHttpResponse(decodeResult: success, version: HTTP/1.1)
HTTP/1.1 200 OK
content-type: application/json; charset=utf-8
cache-control: no-cache
date: Sun, 05 Sep 2021 20:53:04 GMT
content-length: 14

23:53:04.643 [AsyncHttpClient-1-2] DEBUG org.asynchttpclient.netty.channel.ChannelManager - Adding key: http://localhost:30466 for channel [id: 0x01b23c47, L:/127.0.0.1:64172 - R:localhost/127.0.0.1:30466]
23:53:04.644 [Forwarding findElement on session 3503c97e-ed59-42ef-93bd-1f8c37283236 to remote] DEBUG org.asynchttpclient.netty.request.NettyRequestSender - Using pooled Channel '[id: 0x01b23c47, L:/127.0.0.1:64172 - R:localhost/127.0.0.1:30466]' for 'POST' to 'http://localhost:30466/session/3503c97e-ed59-42ef-93bd-1f8c37283236/element'
23:53:04.644 [Forwarding findElement on session 3503c97e-ed59-42ef-93bd-1f8c37283236 to remote] DEBUG org.asynchttpclient.netty.request.NettyRequestSender - Using open Channel [id: 0x01b23c47, L:/127.0.0.1:64172 - R:localhost/127.0.0.1:30466] for POST '/session/3503c97e-ed59-42ef-93bd-1f8c37283236/element'
23:53:04.648 [AsyncHttpClient-1-2] DEBUG org.asynchttpclient.netty.handler.HttpHandler - 

Request DefaultHttpRequest(decodeResult: success, version: HTTP/1.1)
POST /session/3503c97e-ed59-42ef-93bd-1f8c37283236/element HTTP/1.1
User-Agent: selenium/4.0.0-beta-4 (java windows)
Content-Length: 70
Content-Type: application/json; charset=utf-8
host: localhost:30466
accept: */*

Response DefaultHttpResponse(decodeResult: success, version: HTTP/1.1)
HTTP/1.1 200 OK
content-type: application/json; charset=utf-8
cache-control: no-cache
date: Sun, 05 Sep 2021 20:53:04 GMT
content-length: 88

23:53:04.648 [AsyncHttpClient-1-2] DEBUG org.asynchttpclient.netty.channel.ChannelManager - Adding key: http://localhost:30466 for channel [id: 0x01b23c47, L:/127.0.0.1:64172 - R:localhost/127.0.0.1:30466]
23:53:04.652 [AsyncHttpClient-1-1] DEBUG org.asynchttpclient.netty.channel.DefaultChannelPool - Entry count for : http://localhost:30466 : 1
23:53:04.654 [Forwarding getElementAttribute on session 3503c97e-ed59-42ef-93bd-1f8c37283236 to remote] DEBUG org.asynchttpclient.netty.request.NettyRequestSender - Using pooled Channel '[id: 0x01b23c47, L:/127.0.0.1:64172 - R:localhost/127.0.0.1:30466]' for 'POST' to 'http://localhost:30466/session/3503c97e-ed59-42ef-93bd-1f8c37283236/execute/sync'
23:53:04.654 [Forwarding getElementAttribute on session 3503c97e-ed59-42ef-93bd-1f8c37283236 to remote] DEBUG org.asynchttpclient.netty.request.NettyRequestSender - Using open Channel [id: 0x01b23c47, L:/127.0.0.1:64172 - R:localhost/127.0.0.1:30466] for POST '/session/3503c97e-ed59-42ef-93bd-1f8c37283236/execute/sync'
23:53:04.669 [AsyncHttpClient-1-2] DEBUG org.asynchttpclient.netty.handler.HttpHandler - 

Request DefaultHttpRequest(decodeResult: success, version: HTTP/1.1)
POST /session/3503c97e-ed59-42ef-93bd-1f8c37283236/execute/sync HTTP/1.1
User-Agent: selenium/4.0.0-beta-4 (java windows)
Content-Length: 47304
Content-Type: application/json; charset=utf-8
host: localhost:30466
accept: */*

Response DefaultHttpResponse(decodeResult: success, version: HTTP/1.1)
HTTP/1.1 200 OK
content-type: application/json; charset=utf-8
cache-control: no-cache
date: Sun, 05 Sep 2021 20:53:04 GMT
content-length: 12

23:53:04.670 [AsyncHttpClient-1-2] DEBUG org.asynchttpclient.netty.channel.ChannelManager - Adding key: http://localhost:30466 for channel [id: 0x01b23c47, L:/127.0.0.1:64172 - R:localhost/127.0.0.1:30466]
23:53:04.672 [Forwarding findElement on session 3503c97e-ed59-42ef-93bd-1f8c37283236 to remote] DEBUG org.asynchttpclient.netty.request.NettyRequestSender - Using pooled Channel '[id: 0x01b23c47, L:/127.0.0.1:64172 - R:localhost/127.0.0.1:30466]' for 'POST' to 'http://localhost:30466/session/3503c97e-ed59-42ef-93bd-1f8c37283236/element'
23:53:04.672 [Forwarding findElement on session 3503c97e-ed59-42ef-93bd-1f8c37283236 to remote] DEBUG org.asynchttpclient.netty.request.NettyRequestSender - Using open Channel [id: 0x01b23c47, L:/127.0.0.1:64172 - R:localhost/127.0.0.1:30466] for POST '/session/3503c97e-ed59-42ef-93bd-1f8c37283236/element'
23:53:04.676 [AsyncHttpClient-1-2] DEBUG org.asynchttpclient.netty.handler.HttpHandler - 

Request DefaultHttpRequest(decodeResult: success, version: HTTP/1.1)
POST /session/3503c97e-ed59-42ef-93bd-1f8c37283236/element HTTP/1.1
User-Agent: selenium/4.0.0-beta-4 (java windows)
Content-Length: 70
Content-Type: application/json; charset=utf-8
host: localhost:30466
accept: */*

Response DefaultHttpResponse(decodeResult: success, version: HTTP/1.1)
HTTP/1.1 200 OK
content-type: application/json; charset=utf-8
cache-control: no-cache
date: Sun, 05 Sep 2021 20:53:04 GMT
content-length: 88

23:53:04.677 [AsyncHttpClient-1-2] DEBUG org.asynchttpclient.netty.channel.ChannelManager - Adding key: http://localhost:30466 for channel [id: 0x01b23c47, L:/127.0.0.1:64172 - R:localhost/127.0.0.1:30466]
23:53:04.678 [Forwarding clearElement on session 3503c97e-ed59-42ef-93bd-1f8c37283236 to remote] DEBUG org.asynchttpclient.netty.request.NettyRequestSender - Using pooled Channel '[id: 0x01b23c47, L:/127.0.0.1:64172 - R:localhost/127.0.0.1:30466]' for 'POST' to 'http://localhost:30466/session/3503c97e-ed59-42ef-93bd-1f8c37283236/element/a0a6b91f-c46a-4f90-a0d0-656478085023/clear'
23:53:04.678 [Forwarding clearElement on session 3503c97e-ed59-42ef-93bd-1f8c37283236 to remote] DEBUG org.asynchttpclient.netty.request.NettyRequestSender - Using open Channel [id: 0x01b23c47, L:/127.0.0.1:64172 - R:localhost/127.0.0.1:30466] for POST '/session/3503c97e-ed59-42ef-93bd-1f8c37283236/element/a0a6b91f-c46a-4f90-a0d0-656478085023/clear'
23:53:04.687 [AsyncHttpClient-1-2] DEBUG org.asynchttpclient.netty.handler.HttpHandler - 

Request DefaultHttpRequest(decodeResult: success, version: HTTP/1.1)
POST /session/3503c97e-ed59-42ef-93bd-1f8c37283236/element/a0a6b91f-c46a-4f90-a0d0-656478085023/clear HTTP/1.1
User-Agent: selenium/4.0.0-beta-4 (java windows)
Content-Length: 50
Content-Type: application/json; charset=utf-8
host: localhost:30466
accept: */*

Response DefaultHttpResponse(decodeResult: success, version: HTTP/1.1)
HTTP/1.1 200 OK
content-type: application/json; charset=utf-8
cache-control: no-cache
date: Sun, 05 Sep 2021 20:53:04 GMT
content-length: 14

23:53:04.687 [AsyncHttpClient-1-2] DEBUG org.asynchttpclient.netty.channel.ChannelManager - Adding key: http://localhost:30466 for channel [id: 0x01b23c47, L:/127.0.0.1:64172 - R:localhost/127.0.0.1:30466]
23:53:04.688 [Forwarding findElement on session 3503c97e-ed59-42ef-93bd-1f8c37283236 to remote] DEBUG org.asynchttpclient.netty.request.NettyRequestSender - Using pooled Channel '[id: 0x01b23c47, L:/127.0.0.1:64172 - R:localhost/127.0.0.1:30466]' for 'POST' to 'http://localhost:30466/session/3503c97e-ed59-42ef-93bd-1f8c37283236/element'
23:53:04.688 [Forwarding findElement on session 3503c97e-ed59-42ef-93bd-1f8c37283236 to remote] DEBUG org.asynchttpclient.netty.request.NettyRequestSender - Using open Channel [id: 0x01b23c47, L:/127.0.0.1:64172 - R:localhost/127.0.0.1:30466] for POST '/session/3503c97e-ed59-42ef-93bd-1f8c37283236/element'
23:53:04.699 [AsyncHttpClient-1-2] DEBUG org.asynchttpclient.netty.handler.HttpHandler - 

Request DefaultHttpRequest(decodeResult: success, version: HTTP/1.1)
POST /session/3503c97e-ed59-42ef-93bd-1f8c37283236/element HTTP/1.1
User-Agent: selenium/4.0.0-beta-4 (java windows)
Content-Length: 70
Content-Type: application/json; charset=utf-8
host: localhost:30466
accept: */*

Response DefaultHttpResponse(decodeResult: success, version: HTTP/1.1)
HTTP/1.1 200 OK
content-type: application/json; charset=utf-8
cache-control: no-cache
date: Sun, 05 Sep 2021 20:53:04 GMT
content-length: 88

23:53:04.699 [AsyncHttpClient-1-2] DEBUG org.asynchttpclient.netty.channel.ChannelManager - Adding key: http://localhost:30466 for channel [id: 0x01b23c47, L:/127.0.0.1:64172 - R:localhost/127.0.0.1:30466]
23:53:04.702 [Forwarding sendKeysToElement on session 3503c97e-ed59-42ef-93bd-1f8c37283236 to remote] DEBUG org.asynchttpclient.netty.request.NettyRequestSender - Using pooled Channel '[id: 0x01b23c47, L:/127.0.0.1:64172 - R:localhost/127.0.0.1:30466]' for 'POST' to 'http://localhost:30466/session/3503c97e-ed59-42ef-93bd-1f8c37283236/element/a0a6b91f-c46a-4f90-a0d0-656478085023/value'
23:53:04.702 [Forwarding sendKeysToElement on session 3503c97e-ed59-42ef-93bd-1f8c37283236 to remote] DEBUG org.asynchttpclient.netty.request.NettyRequestSender - Using open Channel [id: 0x01b23c47, L:/127.0.0.1:64172 - R:localhost/127.0.0.1:30466] for POST '/session/3503c97e-ed59-42ef-93bd-1f8c37283236/element/a0a6b91f-c46a-4f90-a0d0-656478085023/value'
23:53:04.712 [AsyncHttpClient-1-2] DEBUG org.asynchttpclient.netty.handler.HttpHandler - 

Request DefaultHttpRequest(decodeResult: success, version: HTTP/1.1)
POST /session/3503c97e-ed59-42ef-93bd-1f8c37283236/element/a0a6b91f-c46a-4f90-a0d0-656478085023/value HTTP/1.1
User-Agent: selenium/4.0.0-beta-4 (java windows)
Content-Length: 151
Content-Type: application/json; charset=utf-8
host: localhost:30466
accept: */*

Response DefaultHttpResponse(decodeResult: success, version: HTTP/1.1)
HTTP/1.1 200 OK
content-type: application/json; charset=utf-8
cache-control: no-cache
date: Sun, 05 Sep 2021 20:53:04 GMT
content-length: 14

23:53:04.713 [AsyncHttpClient-1-2] DEBUG org.asynchttpclient.netty.channel.ChannelManager - Adding key: http://localhost:30466 for channel [id: 0x01b23c47, L:/127.0.0.1:64172 - R:localhost/127.0.0.1:30466]
23:53:04.715 [Forwarding findElement on session 3503c97e-ed59-42ef-93bd-1f8c37283236 to remote] DEBUG org.asynchttpclient.netty.request.NettyRequestSender - Using pooled Channel '[id: 0x01b23c47, L:/127.0.0.1:64172 - R:localhost/127.0.0.1:30466]' for 'POST' to 'http://localhost:30466/session/3503c97e-ed59-42ef-93bd-1f8c37283236/element'
23:53:04.715 [Forwarding findElement on session 3503c97e-ed59-42ef-93bd-1f8c37283236 to remote] DEBUG org.asynchttpclient.netty.request.NettyRequestSender - Using open Channel [id: 0x01b23c47, L:/127.0.0.1:64172 - R:localhost/127.0.0.1:30466] for POST '/session/3503c97e-ed59-42ef-93bd-1f8c37283236/element'
23:53:04.718 [AsyncHttpClient-1-2] DEBUG org.asynchttpclient.netty.handler.HttpHandler - 

Request DefaultHttpRequest(decodeResult: success, version: HTTP/1.1)
POST /session/3503c97e-ed59-42ef-93bd-1f8c37283236/element HTTP/1.1
User-Agent: selenium/4.0.0-beta-4 (java windows)
Content-Length: 126
Content-Type: application/json; charset=utf-8
host: localhost:30466
accept: */*

Response DefaultHttpResponse(decodeResult: success, version: HTTP/1.1)
HTTP/1.1 200 OK
content-type: application/json; charset=utf-8
cache-control: no-cache
date: Sun, 05 Sep 2021 20:53:04 GMT
content-length: 88

23:53:04.718 [AsyncHttpClient-1-2] DEBUG org.asynchttpclient.netty.channel.ChannelManager - Adding key: http://localhost:30466 for channel [id: 0x01b23c47, L:/127.0.0.1:64172 - R:localhost/127.0.0.1:30466]
23:53:04.720 [Forwarding clickElement on session 3503c97e-ed59-42ef-93bd-1f8c37283236 to remote] DEBUG org.asynchttpclient.netty.request.NettyRequestSender - Using pooled Channel '[id: 0x01b23c47, L:/127.0.0.1:64172 - R:localhost/127.0.0.1:30466]' for 'POST' to 'http://localhost:30466/session/3503c97e-ed59-42ef-93bd-1f8c37283236/element/628d895d-5821-4ce8-9f67-aaef6f04c363/click'
23:53:04.720 [Forwarding clickElement on session 3503c97e-ed59-42ef-93bd-1f8c37283236 to remote] DEBUG org.asynchttpclient.netty.request.NettyRequestSender - Using open Channel [id: 0x01b23c47, L:/127.0.0.1:64172 - R:localhost/127.0.0.1:30466] for POST '/session/3503c97e-ed59-42ef-93bd-1f8c37283236/element/628d895d-5821-4ce8-9f67-aaef6f04c363/click'
23:53:05.012 [AsyncHttpClient-1-2] DEBUG org.asynchttpclient.netty.handler.HttpHandler - 

Request DefaultHttpRequest(decodeResult: success, version: HTTP/1.1)
POST /session/3503c97e-ed59-42ef-93bd-1f8c37283236/element/628d895d-5821-4ce8-9f67-aaef6f04c363/click HTTP/1.1
User-Agent: selenium/4.0.0-beta-4 (java windows)
Content-Length: 50
Content-Type: application/json; charset=utf-8
host: localhost:30466
accept: */*

Response DefaultHttpResponse(decodeResult: success, version: HTTP/1.1)
HTTP/1.1 200 OK
content-type: application/json; charset=utf-8
cache-control: no-cache
date: Sun, 05 Sep 2021 20:53:04 GMT
content-length: 14

23:53:05.013 [AsyncHttpClient-1-2] DEBUG org.asynchttpclient.netty.channel.ChannelManager - Adding key: http://localhost:30466 for channel [id: 0x01b23c47, L:/127.0.0.1:64172 - R:localhost/127.0.0.1:30466]
23:53:05.758 [AsyncHttpClient-1-1] DEBUG org.asynchttpclient.netty.channel.DefaultChannelPool - Entry count for : http://localhost:30466 : 1
23:53:06.106 [Test worker] INFO org.subethamail.smtp.server.SMTPServer - SMTP server *:25 stopping
23:53:06.106 [Test worker] DEBUG org.subethamail.smtp.server.ServerThread - SMTP Server socket shut down
23:53:06.106 [org.subethamail.smtp.server.ServerThread *:25] INFO org.subethamail.smtp.server.ServerThread - SMTP server *:25 stopped
]]></system-out>
  <system-err><![CDATA[1630875174134	geckodriver	INFO	Listening on 127.0.0.1:30466
1630875174645	mozrunner::runner	INFO	Running command: "C:\\Program Files\\Mozilla Firefox\\firefox.exe" "--marionette" "--remote-debugging-port" "0" "-foreground" "-no-remote" "-profile" "C:\\Users\\ruadmk3\\AppData\\Local\\Temp\\rust_mozprofile5bZ7Qb"
console.error: JsonSchemaValidator.jsm: 
  Ignoring parameter "https://addons.mozilla.org/firefox/downloads/file/3448508/saml_tracer-1.6-an+fx.xpi?src=dp-btn-primary" - origin was expected but received full URL.
console.error: JsonSchemaValidator.jsm: 
  Ignoring parameter "https://armbio-test-app.raiffeisen.ru/armb/views/equipment_test" - origin was expected but received full URL.
console.error: JsonSchemaValidator.jsm: 
  Ignoring parameter "https://armbio-test-app.raiffeisen.ru/armb/*" - origin was expected but received full URL.
console.error: JsonSchemaValidator.jsm: 
  Ignoring parameter "http://armbio-test-app.raiffeisen.ru/armb/*" - origin was expected but received full URL.
console.error: JsonSchemaValidator.jsm: 
  Ignoring parameter "https://armbio-test-app.raiffeisen.ru/armb/views/equipment_test" - origin was expected but received full URL.
console.error: JsonSchemaValidator.jsm: 
  Ignoring parameter "https://armbio-test-app.raiffeisen.ru/armb/*" - origin was expected but received full URL.
console.warn: SearchSettings: "get: No settings file exists, new profile?" (new Error("", "(unknown module)"))
1630875176790	Marionette	INFO	Listening on port 64174
1630875176958	Marionette	WARN	TLS certificate errors will be ignored for this session
Sep 05, 2021 11:52:57 PM org.openqa.selenium.remote.ProtocolHandshake createSession
INFO: Detected dialect: W3C
]]></system-err>
</testsuite>
